Log file open, 04/26/18 12:23:29
LogWindows: Failed to load 'aqProf.dll' (GetLastError=126)
LogWindows: File 'aqProf.dll' does not exist
LogWindows: Failed to load 'VSPerf140.dll' (GetLastError=126)
LogWindows: File 'VSPerf140.dll' does not exist
LogWindows: Failed to load 'VtuneApi.dll' (GetLastError=126)
LogWindows: File 'VtuneApi.dll' does not exist
LogWindows: Failed to load 'VtuneApi32e.dll' (GetLastError=126)
LogWindows: File 'VtuneApi32e.dll' does not exist
LogInit: Display: Running engine for game: MyProject
LogPlatformFile: Not using cached read wrapper
LogInit: Display: RandInit(441944216) SRandInit(441944216).
LogInit: Read version file with build ID '3709383'
LogInit: Overriding engine version to CL 3754814, compatible CL 3709383
LogInit: Registered custom module enumerator with build ID '3709383'
LogTaskGraph: Started task graph with 5 named threads and 14 total threads with 3 sets of task threads.
LogStats: Stats thread started at 0.171964
LogD3D11RHI: Aftermath initialized
LogModuleManager: Display: Found up-to-date module file ../../../Engine/Plugins/2D/Paper2D/Binaries/Win64/UE4Editor-Paper2D.dll (API version 3709383).
LogModuleManager: Display: Found up-to-date module file ../../../Engine/Plugins/2D/Paper2D/Binaries/Win64/UE4Editor-Paper2DEditor.dll (API version 3709383).
LogModuleManager: Display: Found up-to-date module file ../../../Engine/Plugins/2D/Paper2D/Binaries/Win64/UE4Editor-PaperSpriteSheetImporter.dll (API version 3709383).
LogModuleManager: Display: Found up-to-date module file ../../../Engine/Plugins/2D/Paper2D/Binaries/Win64/UE4Editor-PaperTiledImporter.dll (API version 3709383).
LogModuleManager: Display: Found up-to-date module file ../../../Engine/Plugins/2D/Paper2D/Binaries/Win64/UE4Editor-SmartSnapping.dll (API version 3709383).
LogModuleManager: Display: Found up-to-date module file ../../../Engine/Plugins/Blendables/LightPropagationVolume/Binaries/Win64/UE4Editor-LightPropagationVolumeRuntime.dll (API version 3709383).
LogModuleManager: Display: Found up-to-date module file ../../../Engine/Plugins/Blendables/LightPropagationVolume/Binaries/Win64/UE4Editor-LightPropagationVolumeEditor.dll (API version 3709383).
LogModuleManager: Display: Found up-to-date module file ../../../Engine/Plugins/Developer/GitSourceControl/Binaries/Win64/UE4Editor-GitSourceControl.dll (API version 3709383).
LogModuleManager: Display: Found up-to-date module file ../../../Engine/Plugins/Developer/PerforceSourceControl/Binaries/Win64/UE4Editor-PerforceSourceControl.dll (API version 3709383).
LogModuleManager: Display: Found up-to-date module file ../../../Engine/Plugins/Developer/SubversionSourceControl/Binaries/Win64/UE4Editor-SubversionSourceControl.dll (API version 3709383).
LogModuleManager: Display: Found up-to-date module file ../../../Engine/Plugins/Developer/UObjectPlugin/Binaries/Win64/UE4Editor-UObjectPlugin.dll (API version 3709383).
LogModuleManager: Display: Found up-to-date module file ../../../Engine/Plugins/Developer/VisualStudioCodeSourceCodeAccess/Binaries/Win64/UE4Editor-VisualStudioCodeSourceCodeAccess.dll (API version 3709383).
LogModuleManager: Display: Found up-to-date module file ../../../Engine/Plugins/Developer/VisualStudioSourceCodeAccess/Binaries/Win64/UE4Editor-VisualStudioSourceCodeAccess.dll (API version 3709383).
LogModuleManager: Display: Found up-to-date module file ../../../Engine/Plugins/Editor/AssetManagerEditor/Binaries/Win64/UE4Editor-AssetManagerEditor.dll (API version 3709383).
LogModuleManager: Display: Found up-to-date module file ../../../Engine/Plugins/Editor/AudioCapture/Binaries/Win64/UE4Editor-AudioCapture.dll (API version 3709383).
LogModuleManager: Display: Found up-to-date module file ../../../Engine/Plugins/Editor/FacialAnimation/Binaries/Win64/UE4Editor-FacialAnimation.dll (API version 3709383).
LogModuleManager: Display: Found up-to-date module file ../../../Engine/Plugins/Editor/FacialAnimation/Binaries/Win64/UE4Editor-FacialAnimationEditor.dll (API version 3709383).
LogModuleManager: Display: Found up-to-date module file ../../../Engine/Plugins/Editor/GameplayTagsEditor/Binaries/Win64/UE4Editor-GameplayTagsEditor.dll (API version 3709383).
LogModuleManager: Display: Found up-to-date module file ../../../Engine/Plugins/Editor/MobileLauncherProfileWizard/Binaries/Win64/UE4Editor-MobileLauncherProfileWizard.dll (API version 3709383).
LogModuleManager: Display: Found up-to-date module file ../../../Engine/Plugins/Editor/PluginBrowser/Binaries/Win64/UE4Editor-PluginBrowser.dll (API version 3709383).
LogModuleManager: Display: Found up-to-date module file ../../../Engine/Plugins/Editor/SpeedTreeImporter/Binaries/Win64/UE4Editor-SpeedTreeImporter.dll (API version 3709383).
LogModuleManager: Display: Found up-to-date module file ../../../Engine/Plugins/Experimental/AlembicImporter/Binaries/Win64/UE4Editor-AlembicImporter.dll (API version 3709383).
LogModuleManager: Display: Found up-to-date module file ../../../Engine/Plugins/Experimental/AlembicImporter/Binaries/Win64/UE4Editor-AlembicLibrary.dll (API version 3709383).
LogModuleManager: Display: Found up-to-date module file ../../../Engine/Plugins/Experimental/CharacterAI/Binaries/Win64/UE4Editor-CharacterAI.dll (API version 3709383).
LogModuleManager: Display: Found up-to-date module file ../../../Engine/Plugins/Experimental/HTML5Networking/Binaries/Win64/UE4Editor-HTML5Networking.dll (API version 3709383).
LogModuleManager: Display: Found up-to-date module file ../../../Engine/Plugins/Media/AndroidMedia/Binaries/Win64/UE4Editor-AndroidMediaEditor.dll (API version 3709383).
LogModuleManager: Display: Found up-to-date module file ../../../Engine/Plugins/Media/AndroidMedia/Binaries/Win64/UE4Editor-AndroidMediaFactory.dll (API version 3709383).
LogModuleManager: Display: Found up-to-date module file ../../../Engine/Plugins/Media/AvfMedia/Binaries/Win64/UE4Editor-AvfMediaEditor.dll (API version 3709383).
LogModuleManager: Display: Found up-to-date module file ../../../Engine/Plugins/Media/AvfMedia/Binaries/Win64/UE4Editor-AvfMediaFactory.dll (API version 3709383).
LogModuleManager: Display: Found up-to-date module file ../../../Engine/Plugins/Media/AvfMedia/Binaries/Win64/UE4Editor-AvfMediaFactory.dll (API version 3709383).
LogModuleManager: Display: Found up-to-date module file ../../../Engine/Plugins/Media/ImgMedia/Binaries/Win64/UE4Editor-ImgMedia.dll (API version 3709383).
LogModuleManager: Display: Found up-to-date module file ../../../Engine/Plugins/Media/ImgMedia/Binaries/Win64/UE4Editor-ImgMediaEditor.dll (API version 3709383).
LogModuleManager: Display: Found up-to-date module file ../../../Engine/Plugins/Media/ImgMedia/Binaries/Win64/UE4Editor-ImgMediaFactory.dll (API version 3709383).
LogModuleManager: Display: Found up-to-date module file ../../../Engine/Plugins/Media/ImgMedia/Binaries/Win64/UE4Editor-ImgMediaFactory.dll (API version 3709383).
LogModuleManager: Display: Found up-to-date module file ../../../Engine/Plugins/Media/ImgMedia/Binaries/Win64/UE4Editor-OpenExrWrapper.dll (API version 3709383).
LogModuleManager: Display: Found up-to-date module file ../../../Engine/Plugins/Media/MediaCompositing/Binaries/Win64/UE4Editor-MediaCompositing.dll (API version 3709383).
LogModuleManager: Display: Found up-to-date module file ../../../Engine/Plugins/Media/MediaCompositing/Binaries/Win64/UE4Editor-MediaCompositingEditor.dll (API version 3709383).
LogModuleManager: Display: Found up-to-date module file ../../../Engine/Plugins/Media/MediaPlayerEditor/Binaries/Win64/UE4Editor-MediaPlayerEditor.dll (API version 3709383).
LogModuleManager: Display: Found up-to-date module file ../../../Engine/Plugins/Media/WmfMedia/Binaries/Win64/UE4Editor-WmfMedia.dll (API version 3709383).
LogModuleManager: Display: Found up-to-date module file ../../../Engine/Plugins/Media/WmfMedia/Binaries/Win64/UE4Editor-WmfMediaEditor.dll (API version 3709383).
LogModuleManager: Display: Found up-to-date module file ../../../Engine/Plugins/Media/WmfMedia/Binaries/Win64/UE4Editor-WmfMediaFactory.dll (API version 3709383).
LogModuleManager: Display: Found up-to-date module file ../../../Engine/Plugins/Media/WmfMedia/Binaries/Win64/UE4Editor-WmfMediaFactory.dll (API version 3709383).
LogModuleManager: Display: Found up-to-date module file ../../../Engine/Plugins/Messaging/TcpMessaging/Binaries/Win64/UE4Editor-TcpMessaging.dll (API version 3709383).
LogModuleManager: Display: Found up-to-date module file ../../../Engine/Plugins/Messaging/UdpMessaging/Binaries/Win64/UE4Editor-UdpMessaging.dll (API version 3709383).
LogModuleManager: Display: Found up-to-date module file ../../../Engine/Plugins/MovieScene/ActorSequence/Binaries/Win64/UE4Editor-ActorSequence.dll (API version 3709383).
LogModuleManager: Display: Found up-to-date module file ../../../Engine/Plugins/MovieScene/LevelSequenceEditor/Binaries/Win64/UE4Editor-LevelSequenceEditor.dll (API version 3709383).
LogModuleManager: Display: Found up-to-date module file ../../../Engine/Plugins/MovieScene/MatineeToLevelSequence/Binaries/Win64/UE4Editor-MatineeToLevelSequence.dll (API version 3709383).
LogModuleManager: Display: Found up-to-date module file ../../../Engine/Plugins/Online/OnlineSubsystem/Binaries/Win64/UE4Editor-OnlineSubsystem.dll (API version 3709383).
LogModuleManager: Display: Found up-to-date module file ../../../Engine/Plugins/Runtime/AndroidPermission/Binaries/Win64/UE4Editor-AndroidPermission.dll (API version 3709383).
LogModuleManager: Display: Found up-to-date module file ../../../Engine/Plugins/Online/OnlineSubsystemNull/Binaries/Win64/UE4Editor-OnlineSubsystemNull.dll (API version 3709383).
LogModuleManager: Display: Found up-to-date module file ../../../Engine/Plugins/Online/OnlineSubsystemUtils/Binaries/Win64/UE4Editor-OnlineSubsystemUtils.dll (API version 3709383).
LogModuleManager: Display: Found up-to-date module file ../../../Engine/Plugins/Online/OnlineSubsystemUtils/Binaries/Win64/UE4Editor-OnlineBlueprintSupport.dll (API version 3709383).
LogModuleManager: Display: Found up-to-date module file ../../../Engine/Plugins/Runtime/AndroidDeviceProfileSelector/Binaries/Win64/UE4Editor-AndroidDeviceProfileSelector.dll (API version 3709383).
LogModuleManager: Display: Found up-to-date module file ../../../Engine/Plugins/Runtime/AppleARKit/Binaries/Win64/UE4Editor-AppleARKit.dll (API version 3709383).
LogModuleManager: Display: Found up-to-date module file ../../../Engine/Plugins/Runtime/ArchVisCharacter/Binaries/Win64/UE4Editor-ArchVisCharacter.dll (API version 3709383).
LogModuleManager: Display: Found up-to-date module file ../../../Engine/Plugins/Runtime/CableComponent/Binaries/Win64/UE4Editor-CableComponent.dll (API version 3709383).
LogModuleManager: Display: Found up-to-date module file ../../../Engine/Plugins/Runtime/CustomMeshComponent/Binaries/Win64/UE4Editor-CustomMeshComponent.dll (API version 3709383).
LogModuleManager: Display: Found up-to-date module file ../../../Engine/Plugins/Runtime/ExampleDeviceProfileSelector/Binaries/Win64/UE4Editor-ExampleDeviceProfileSelector.dll (API version 3709383).
LogModuleManager: Display: Found up-to-date module file ../../../Engine/Plugins/Runtime/ImmediatePhysics/Binaries/Win64/UE4Editor-ImmediatePhysics.dll (API version 3709383).
LogModuleManager: Display: Found up-to-date module file ../../../Engine/Plugins/Runtime/ImmediatePhysics/Binaries/Win64/UE4Editor-ImmediatePhysicsEditor.dll (API version 3709383).
LogModuleManager: Display: Found up-to-date module file ../../../Engine/Plugins/Runtime/LocationServicesBPLibrary/Binaries/Win64/UE4Editor-LocationServicesBPLibrary.dll (API version 3709383).
LogModuleManager: Display: Found up-to-date module file ../../../Engine/Plugins/Runtime/MobilePatchingUtils/Binaries/Win64/UE4Editor-MobilePatchingUtils.dll (API version 3709383).
LogModuleManager: Display: Found up-to-date module file ../../../Engine/Plugins/Runtime/Oculus/OculusVR/Binaries/Win64/UE4Editor-OculusHMD.dll (API version 3709383).
LogModuleManager: Display: Found up-to-date module file ../../../Engine/Plugins/Runtime/Oculus/OculusVR/Binaries/Win64/UE4Editor-OculusInput.dll (API version 3709383).
LogModuleManager: Display: Found up-to-date module file ../../../Engine/Plugins/Runtime/Oculus/OculusVR/Binaries/Win64/UE4Editor-OculusEditor.dll (API version 3709383).
LogModuleManager: Display: Found up-to-date module file ../../../Engine/Plugins/Runtime/PhysXVehicles/Binaries/Win64/UE4Editor-PhysXVehicles.dll (API version 3709383).
LogModuleManager: Display: Found up-to-date module file ../../../Engine/Plugins/Runtime/PhysXVehicles/Binaries/Win64/UE4Editor-PhysXVehiclesEditor.dll (API version 3709383).
LogModuleManager: Display: Found up-to-date module file ../../../Engine/Plugins/Runtime/ProceduralMeshComponent/Binaries/Win64/UE4Editor-ProceduralMeshComponent.dll (API version 3709383).
LogModuleManager: Display: Found up-to-date module file ../../../Engine/Plugins/Runtime/ProceduralMeshComponent/Binaries/Win64/UE4Editor-ProceduralMeshComponentEditor.dll (API version 3709383).
LogModuleManager: Display: Found up-to-date module file ../../../Engine/Plugins/Runtime/RuntimePhysXCooking/Binaries/Win64/UE4Editor-RuntimePhysXCooking.dll (API version 3709383).
LogModuleManager: Display: Found up-to-date module file ../../../Engine/Plugins/Runtime/Steam/SteamVR/Binaries/Win64/UE4Editor-SteamVR.dll (API version 3709383).
LogModuleManager: Display: Found up-to-date module file ../../../Engine/Plugins/Runtime/Steam/SteamVR/Binaries/Win64/UE4Editor-SteamVRController.dll (API version 3709383).
LogModuleManager: Display: Found up-to-date module file ../../../Engine/Plugins/Runtime/WindowsMoviePlayer/Binaries/Win64/UE4Editor-WindowsMoviePlayer.dll (API version 3709383).
LogPluginManager: Mounting plugin Paper2D
LogPluginManager: Mounting plugin LightPropagationVolume
LogPluginManager: Mounting plugin CodeLiteSourceCodeAccess
LogPluginManager: Mounting plugin GitSourceControl
LogPluginManager: Mounting plugin KDevelopSourceCodeAccess
LogPluginManager: Mounting plugin NullSourceCodeAccess
LogPluginManager: Mounting plugin PerforceSourceControl
LogPluginManager: Mounting plugin SubversionSourceControl
LogPluginManager: Mounting plugin UObjectPlugin
LogPluginManager: Mounting plugin VisualStudioCodeSourceCodeAccess
LogPluginManager: Mounting plugin VisualStudioSourceCodeAccess
LogPluginManager: Mounting plugin XCodeSourceCodeAccess
LogPluginManager: Mounting plugin AssetManagerEditor
LogPluginManager: Mounting plugin AudioCapture
LogPluginManager: Mounting plugin FacialAnimation
LogPluginManager: Mounting plugin GameplayTagsEditor
LogPluginManager: Mounting plugin MobileLauncherProfileWizard
LogPluginManager: Mounting plugin PluginBrowser
LogPluginManager: Mounting plugin SpeedTreeImporter
LogPluginManager: Mounting plugin AlembicImporter
LogPluginManager: Mounting plugin CharacterAI
LogPluginManager: Mounting plugin HTML5Networking
LogPluginManager: Mounting plugin AndroidMedia
LogPluginManager: Mounting plugin AvfMedia
LogPluginManager: Mounting plugin ImgMedia
LogPluginManager: Mounting plugin MediaCompositing
LogPluginManager: Mounting plugin MediaPlayerEditor
LogPluginManager: Mounting plugin WmfMedia
LogPluginManager: Mounting plugin TcpMessaging
LogPluginManager: Mounting plugin UdpMessaging
LogPluginManager: Mounting plugin ActorSequence
LogPluginManager: Mounting plugin LevelSequenceEditor
LogPluginManager: Mounting plugin MatineeToLevelSequence
LogPluginManager: Mounting plugin OnlineSubsystemGooglePlay
LogPluginManager: Mounting plugin OnlineSubsystemIOS
LogPluginManager: Mounting plugin OnlineSubsystem
LogPluginManager: Mounting plugin OnlineSubsystemNull
LogPluginManager: Mounting plugin OnlineSubsystemUtils
LogPluginManager: Mounting plugin AndroidDeviceProfileSelector
LogPluginManager: Mounting plugin AndroidMoviePlayer
LogPluginManager: Mounting plugin AndroidPermission
LogPluginManager: Mounting plugin AppleARKit
LogPluginManager: Mounting plugin AppleMoviePlayer
LogPluginManager: Mounting plugin ArchVisCharacter
LogPluginManager: Mounting plugin CableComponent
LogPluginManager: Mounting plugin CustomMeshComponent
LogPluginManager: Mounting plugin ExampleDeviceProfileSelector
LogPluginManager: Mounting plugin GoogleCloudMessaging
LogPluginManager: Mounting plugin ImmediatePhysics
LogPluginManager: Mounting plugin IOSDeviceProfileSelector
LogPluginManager: Mounting plugin LinuxDeviceProfileSelector
LogPluginManager: Mounting plugin LocationServicesBPLibrary
LogPluginManager: Mounting plugin MobilePatchingUtils
LogPluginManager: Mounting plugin OculusVR
LogPluginManager: Plugin shader directory ../../../Engine/Plugins/Runtime/Oculus/OculusVR/Shaders found
LogPluginManager: Mapping shader source directory ../../../Engine/Plugins/Runtime/Oculus/OculusVR/Shaders to virtual directory /Plugin/OculusVR
LogPluginManager: Mounting plugin PhysXVehicles
LogPluginManager: Mounting plugin ProceduralMeshComponent
LogPluginManager: Mounting plugin RuntimePhysXCooking
LogPluginManager: Mounting plugin SteamVR
LogPluginManager: Mounting plugin WindowsMoviePlayer
LogInit: Using libcurl 7.47.1
LogInit:  - built for x86_64-pc-win32
LogInit:  - supports SSL with OpenSSL/1.0.2g
LogInit:  - supports HTTP deflate (compression) using libz 1.2.8
LogInit:  - other features:
LogInit:      CURL_VERSION_SSL
LogInit:      CURL_VERSION_LIBZ
LogInit:      CURL_VERSION_IPV6
LogInit:      CURL_VERSION_ASYNCHDNS
LogInit:      CURL_VERSION_LARGEFILE
LogInit:      CURL_VERSION_IDN
LogInit:  CurlRequestOptions (configurable via config and command line):
LogInit:  - bVerifyPeer = false  - Libcurl will NOT verify peer certificate
LogInit:  - bUseHttpProxy = false  - Libcurl will NOT use HTTP proxy
LogInit:  - bDontReuseConnections = false  - Libcurl will reuse connections
LogInit:  - CertBundlePath = nullptr  - Libcurl will use whatever was configured at build time.
LogInit: Build: ++UE4+Release-4.18-CL-3754814
LogInit: Engine Version: 4.18.1-3754814+++UE4+Release-4.18
LogInit: Compatible Engine Version: 4.18.0-3709383+++UE4+Release-4.18
LogInit: Net CL: 3709383
LogDevObjectVersion: Number of dev versions registered: 16
LogDevObjectVersion:   Dev-Blueprints (B0D832E4-1F89-4F0D-ACCF-7EB736FD4AA2): 10
LogDevObjectVersion:   Dev-Build (E1C64328-A22C-4D53-A36C-8E866417BD8C): 0
LogDevObjectVersion:   Dev-Core (375EC13C-06E4-48FB-B500-84F0262A717E): 2
LogDevObjectVersion:   Dev-Editor (E4B068ED-F494-42E9-A231-DA0B2E46BB41): 20
LogDevObjectVersion:   Dev-Framework (CFFC743F-43B0-4480-9391-14DF171D2073): 30
LogDevObjectVersion:   Dev-Mobile (B02B49B5-BB20-44E9-A304-32B752E40360): 0
LogDevObjectVersion:   Dev-Networking (A4E4105C-59A1-49B5-A7C5-40C4547EDFEE): 0
LogDevObjectVersion:   Dev-Online (39C831C9-5AE6-47DC-9A44-9C173E1C8E7C): 0
LogDevObjectVersion:   Dev-Physics (78F01B33-EBEA-4F98-B9B4-84EACCB95AA2): 0
LogDevObjectVersion:   Dev-Platform (6631380F-2D4D-43E0-8009-CF276956A95A): 0
LogDevObjectVersion:   Dev-Rendering (12F88B9F-8875-4AFC-A67C-D90C383ABD29): 20
LogDevObjectVersion:   Dev-Sequencer (7B5AE74C-D270-4C10-A958-57980B212A5A): 4
LogDevObjectVersion:   Dev-VR (D7296918-1DD6-4BDD-9DE2-64A83CC13884): 0
LogDevObjectVersion:   Dev-LoadTimes (C2A15278-BFE7-4AFE-6C17-90FF531DF755): 1
LogDevObjectVersion:   Private-Geometry (6EACA3D4-40EC-4CC1-B786-8BED09428FC5): 1
LogDevObjectVersion:   Dev-AnimPhys (29E575DD-E0A3-4627-9D10-D276232CDCEA): 12
LogInit: Compiled (64-bit): Nov 14 2017 02:05:55
LogInit: Compiled with Visual C++: 19.00.24215.01
LogInit: Build Configuration: Development
LogInit: Branch Name: ++UE4+Release-4.18
LogInit: Command line: -EpicPortal 
LogInit: Base directory: C:/Users/Charg/Desktop/Unreal/UE_4.18/Engine/Binaries/Win64/
LogInit: Installed Engine Build: 1
LogInit: Presizing for max 8388607 objects, including 0 objects not considered by GC, pre-allocating 0 bytes for permanent pool.
LogInit: Object subsystem initialized
[2018.04.26-16.23.30:929][  0]LogInit: Selected Device Profile: [Windows]
[2018.04.26-16.23.30:929][  0]LogInit: Applying CVar settings loaded from the selected device profile: [Windows]
[2018.04.26-16.23.31:195][  0]LogInit: Computer: DESKTOP-OQ7AHG3
[2018.04.26-16.23.31:195][  0]LogInit: User: Charg
[2018.04.26-16.23.31:195][  0]LogInit: CPU Page size=4096, Cores=4
[2018.04.26-16.23.31:195][  0]LogInit: High frequency timer resolution =3.613285 MHz
[2018.04.26-16.23.31:195][  0]LogMemory: Memory total: Physical=31.9GB (32GB approx)
[2018.04.26-16.23.31:195][  0]LogMemory: Platform Memory Stats for Windows
[2018.04.26-16.23.31:195][  0]LogMemory: Process Physical Memory: 276.06 MB used, 276.06 MB peak
[2018.04.26-16.23.31:195][  0]LogMemory: Process Virtual Memory: 277.02 MB used, 277.02 MB peak
[2018.04.26-16.23.31:195][  0]LogMemory: Physical Memory: 5283.37 MB used,  27402.70 MB free, 32686.07 MB total
[2018.04.26-16.23.31:195][  0]LogMemory: Virtual Memory: 689.74 MB used,  27402.70 MB free, 134217728.00 MB total
[2018.04.26-16.23.31:383][  0]LogInit: Using OS detected language (en-US).
[2018.04.26-16.23.31:383][  0]LogInit: Using OS detected locale (en-US).
[2018.04.26-16.23.31:386][  0]LogTextLocalizationManager: No specific localization for 'en-US' exists, so the 'en' localization will be used.
[2018.04.26-16.23.31:764][  0]LogInit: Setting process to per monitor DPI aware
[2018.04.26-16.23.32:059][  0]LogD3D11RHI: D3D11 adapters:
[2018.04.26-16.23.32:118][  0]LogD3D11RHI:    0. 'NVIDIA GeForce GTX 1080' (Feature Level 11_0)
[2018.04.26-16.23.32:118][  0]LogD3D11RHI:       8079/0/16343 MB DedicatedVideo/DedicatedSystem/SharedSystem, Outputs:2, VendorId:0x10de
[2018.04.26-16.23.32:120][  0]LogD3D11RHI:    1. 'Microsoft Basic Render Driver' (Feature Level 11_0)
[2018.04.26-16.23.32:120][  0]LogD3D11RHI:       0/0/16343 MB DedicatedVideo/DedicatedSystem/SharedSystem, Outputs:0, VendorId:0x1414
[2018.04.26-16.23.32:120][  0]LogD3D11RHI: Chosen D3D11 Adapter: 0
[2018.04.26-16.23.32:126][  0]LogD3D11RHI: Creating new Direct3DDevice
[2018.04.26-16.23.32:126][  0]LogD3D11RHI:     GPU DeviceId: 0x1b80 (for the marketing name, search the web for "GPU Device Id")
[2018.04.26-16.23.32:126][  0]LogWindows: EnumDisplayDevices:
[2018.04.26-16.23.32:126][  0]LogWindows:    0. 'NVIDIA GeForce GTX 1080' (P:1 D:1)
[2018.04.26-16.23.32:127][  0]LogWindows:    1. 'NVIDIA GeForce GTX 1080' (P:0 D:1)
[2018.04.26-16.23.32:127][  0]LogWindows:    2. 'NVIDIA GeForce GTX 1080' (P:0 D:0)
[2018.04.26-16.23.32:127][  0]LogWindows:    3. 'NVIDIA GeForce GTX 1080' (P:0 D:0)
[2018.04.26-16.23.32:127][  0]LogWindows: DebugString: GetVideoDriverDetailsInvalid PrimaryIsNotTheChoosenAdapter GetVideoDriverDetailsInvalid PrimaryIsNotTheChoosenAdapter GetVideoDriverDetailsInvalid PrimaryIsNotTheChoosenAdapter GetVideoDriverDetailsInvalid PrimaryIsNotTheChoosenAdapter FoundDriverCount:0 
[2018.04.26-16.23.32:127][  0]LogD3D11RHI:     Adapter Name: NVIDIA GeForce GTX 1080
[2018.04.26-16.23.32:127][  0]LogD3D11RHI:   Driver Version: Unknown (internal:Unknown, unified:Unknown)
[2018.04.26-16.23.32:127][  0]LogD3D11RHI:      Driver Date: Unknown
[2018.04.26-16.23.32:127][  0]LogRHI: Texture pool is 5655 MB (70% of 8079 MB)
[2018.04.26-16.23.32:166][  0]LogD3D11RHI: Async texture creation enabled
[2018.04.26-16.23.32:232][  0]LogD3D11RHI: GPU Timing Frequency: 1000.000000 (Debug: 2 2)
[2018.04.26-16.23.32:318][  0]LogShaderCompilers: Guid format shader working directory is -9 characters bigger than the processId version (E:/OS Starage Files/Documents/Unreal Projects/MyProject/Intermediate/Shaders/WorkingDirectory/7380/).
[2018.04.26-16.23.32:318][  0]LogShaderCompilers: Cleaned the shader compiler working directory 'C:/Users/Charg/AppData/Local/Temp/UnrealShaderWorkingDir/43CDE7DB40B19A174AFD45828040994A/'.
[2018.04.26-16.23.32:318][  0]LogShaderCompilers: Display: Using Local Shader Compiler.
[2018.04.26-16.23.33:298][  0]LogTemp: Display: Loaded TP AllDesktopTargetPlatform
[2018.04.26-16.23.33:363][  0]LogTemp: Display: Loaded TP MacClientTargetPlatform
[2018.04.26-16.23.33:425][  0]LogTemp: Display: Loaded TP MacNoEditorTargetPlatform
[2018.04.26-16.23.33:489][  0]LogTemp: Display: Loaded TP MacServerTargetPlatform
[2018.04.26-16.23.33:554][  0]LogTemp: Display: Loaded TP MacTargetPlatform
[2018.04.26-16.23.33:621][  0]LogTemp: Display: Loaded TP WindowsClientTargetPlatform
[2018.04.26-16.23.33:685][  0]LogTemp: Display: Loaded TP WindowsNoEditorTargetPlatform
[2018.04.26-16.23.33:750][  0]LogTemp: Display: Loaded TP WindowsServerTargetPlatform
[2018.04.26-16.23.33:807][  0]LogTemp: Display: Loaded TP WindowsTargetPlatform
[2018.04.26-16.23.33:875][  0]LogTemp: Display: Loaded TP Android_ASTCTargetPlatform
[2018.04.26-16.23.33:935][  0]LogTemp: Display: Loaded TP Android_ATCTargetPlatform
[2018.04.26-16.23.33:996][  0]LogTemp: Display: Loaded TP Android_DXTTargetPlatform
[2018.04.26-16.23.34:057][  0]LogTemp: Display: Loaded TP Android_ETC1TargetPlatform
[2018.04.26-16.23.34:120][  0]LogTemp: Display: Loaded TP Android_ETC2TargetPlatform
[2018.04.26-16.23.34:245][  0]LogTemp: Display: Loaded TP Android_MultiTargetPlatform
[2018.04.26-16.23.34:245][  0]LogTemp: Display: Loaded TP Android_PVRTCTargetPlatform
[2018.04.26-16.23.34:307][  0]LogTemp: Display: Loaded TP AndroidTargetPlatform
[2018.04.26-16.23.34:357][  0]LogTemp: Display: Loaded TP HTML5TargetPlatform
[2018.04.26-16.23.34:467][  0]LogTemp: Display: Loaded TP IOSTargetPlatform
[2018.04.26-16.23.34:501][  0]LogTemp: Display: Loaded TP TVOSTargetPlatform
[2018.04.26-16.23.34:564][  0]LogTemp: Display: Loaded TP LinuxClientTargetPlatform
[2018.04.26-16.23.34:626][  0]LogTemp: Display: Loaded TP LinuxNoEditorTargetPlatform
[2018.04.26-16.23.34:686][  0]LogTemp: Display: Loaded TP LinuxServerTargetPlatform
[2018.04.26-16.23.34:752][  0]LogTemp: Display: Loaded TP LinuxTargetPlatform
[2018.04.26-16.23.34:753][  0]LogTargetPlatformManager: Display: Building Assets For Windows
[2018.04.26-16.23.35:340][  0]LogDerivedDataCache: Display: Max Cache Size: 512 MB
[2018.04.26-16.23.35:408][  0]LogDerivedDataCache: Loaded boot cache 0.07s 78MB C:/Users/Charg/AppData/Local/UnrealEngine/4.18/DerivedDataCache/Boot.ddc.
[2018.04.26-16.23.35:408][  0]LogDerivedDataCache: Display: Loaded Boot cache: C:/Users/Charg/AppData/Local/UnrealEngine/4.18/DerivedDataCache/Boot.ddc
[2018.04.26-16.23.35:408][  0]LogDerivedDataCache: FDerivedDataBackendGraph:  Pak pak cache file E:/OS Starage Files/Documents/Unreal Projects/MyProject/DerivedDataCache/DDC.ddp not found, will not use a pak cache.
[2018.04.26-16.23.35:408][  0]LogDerivedDataCache: Unable to find inner node Pak for hierarchical cache Hierarchy.
[2018.04.26-16.23.35:408][  0]LogDerivedDataCache: FDerivedDataBackendGraph:  CompressedPak pak cache file E:/OS Starage Files/Documents/Unreal Projects/MyProject/DerivedDataCache/Compressed.ddp not found, will not use a pak cache.
[2018.04.26-16.23.35:408][  0]LogDerivedDataCache: Unable to find inner node CompressedPak for hierarchical cache Hierarchy.
[2018.04.26-16.23.35:423][  0]LogDerivedDataCache: Display: Pak cache opened for reading ../../../Engine/DerivedDataCache/Compressed.ddp.
[2018.04.26-16.23.35:436][  0]LogDerivedDataCache: Using Local data cache path C:/Users/Charg/AppData/Local/UnrealEngine/Common/DerivedDataCache: Writable
[2018.04.26-16.23.35:447][  0]LogMaterial: Verifying Global Shaders for PCD3D_SM5
[2018.04.26-16.23.35:447][  0]LogSlate: Using Freetype 2.6.0
[2018.04.26-16.23.35:448][  0]LogSlate: SlateFontCache - WITH_FREETYPE: 1, WITH_HARFBUZZ: 1
[2018.04.26-16.23.35:448][  0]LogSlate: SlateFontCache - WITH_FREETYPE: 1, WITH_HARFBUZZ: 1
[2018.04.26-16.23.35:874][  0]LogInit: Selected Device Profile: [Windows]
[2018.04.26-16.23.36:260][  0]LogSimplygon: Simplygon DLL not present - disabling.
[2018.04.26-16.23.36:311][  0]LogMeshReduction: Using SimplygonSwarm for distributed automatic mesh merging
[2018.04.26-16.23.36:311][  0]LogMeshReduction: Using QuadricMeshReduction for automatic static mesh reduction
[2018.04.26-16.23.36:311][  0]LogMeshReduction: No automatic skeletal mesh reduction module available
[2018.04.26-16.23.36:311][  0]LogMeshReduction: No automatic mesh merging module available
[2018.04.26-16.23.36:311][  0]LogMeshMerging: No automatic mesh merging module available
[2018.04.26-16.23.36:351][  0]LogNetVersion: MyProject , NetCL: 3709383, EngineNetVer: 2, GameNetVer: 0 (Checksum: 1490074681)
[2018.04.26-16.23.36:536][  0]LogAssetRegistry: FAssetRegistry took 0.0272 seconds to start up
[2018.04.26-16.23.37:307][  0]LogPackageLocalizationCache: Processed 7 localized package path(s) for 2 prioritized culture(s) in 0.283559 seconds
[2018.04.26-16.23.37:315][  0]LogUObjectArray: 35900 objects as part of root set at end of initial load.
[2018.04.26-16.23.37:315][  0]LogUObjectAllocator: 7372016 out of 0 bytes used by permanent object pool.
[2018.04.26-16.23.37:315][  0]LogUObjectArray: CloseDisregardForGC: 0/0 objects in disregard for GC pool
[2018.04.26-16.23.37:383][  0]LogInit: WinSock: version 1.1 (2.2), MaxSocks=32767, MaxUdp=65467
[2018.04.26-16.23.40:413][  0]LogTcpMessaging: Initializing TcpMessaging bridge
[2018.04.26-16.23.40:465][  0]LogUdpMessaging: Initializing bridge on interface 0.0.0.0:0 to multicast group 230.0.0.1:6666.
[2018.04.26-16.23.41:273][  0]LogMaterial: Uniform references updated for custom material expression Custom.
[2018.04.26-16.23.41:779][  0]SourceControl: Source control is disabled
[2018.04.26-16.23.41:779][  0]SourceControl: Source control is disabled
[2018.04.26-16.23.41:847][  0]SourceControl: Source control is disabled
[2018.04.26-16.23.41:912][  0]SourceControl: Source control is disabled
[2018.04.26-16.23.42:900][  0]LogAndroidPermission: UAndroidPermissionCallbackProxy::GetInstance
[2018.04.26-16.23.43:230][  0]LogOcInput: OculusInput pre-init called
[2018.04.26-16.23.43:584][  0]LogEngine: Initializing Engine...
[2018.04.26-16.23.43:627][  0]LogHMD: Failed to initialize OpenVR with code 108
[2018.04.26-16.23.43:844][  0]LogStats: UGameplayTagsManager::ConstructGameplayTagTree: Construct from data asset -  0.000 s
[2018.04.26-16.23.43:844][  0]LogStats: UGameplayTagsManager::ConstructGameplayTagTree: GameplayTagTreeChangedEvent.Broadcast -  0.000 s
[2018.04.26-16.23.44:005][  0]LogAIModule: Creating AISystem for world Untitled
[2018.04.26-16.23.44:020][  0]LogInit: XAudio2 using 'Speakers (Realtek High Definition Audio)' : 2 channels at 48 kHz using 32 bits per sample (channel mask 0x3)
[2018.04.26-16.23.44:096][  0]LogInit: FAudioDevice initialized.
[2018.04.26-16.23.44:172][  0]LogDerivedDataCache: Saved boot cache 0.08s 78MB C:/Users/Charg/AppData/Local/UnrealEngine/4.18/DerivedDataCache/Boot.ddc.
[2018.04.26-16.23.44:185][  0]LogInit: Texture streaming: Enabled
[2018.04.26-16.23.44:317][  0]LogEngineSessionManager: EngineSessionManager initialized
[2018.04.26-16.23.44:478][  0]LogInit: Transaction tracking system initialized
[2018.04.26-16.23.44:881][  0]BlueprintLog: New page: Editor Load
[2018.04.26-16.23.46:023][  0]LocalizationService: Localization service is disabled
[2018.04.26-16.23.46:938][  0]LogConsoleResponse: Display: 
[2018.04.26-16.23.47:133][  0]LogCook: Display: Max memory allowance for cook 16384mb min free memory 0mb
[2018.04.26-16.23.47:133][  0]LogCook: Display: Mobile HDR setting 1
[2018.04.26-16.23.47:133][  0]LogGameplayTags: Display: UGameplayTagsManager::DoneAddingNativeTags. DelegateIsBound: 0
[2018.04.26-16.23.48:011][  0]LogFileCache: Scanning file cache for directory 'E:/OS Starage Files/Documents/Unreal Projects/MyProject/Content/' took 0.02s
[2018.04.26-16.23.48:620][  0]SourceControl: Source control is disabled
[2018.04.26-16.23.48:621][  0]Cmd: MAP LOAD FILE="E:/OS Starage Files/Documents/Unreal Projects/MyProject/Content/ThirdPersonBP/Maps/ThirdPersonExampleMap.umap" TEMPLATE=0 SHOWPROGRESS=1 FEATURELEVEL=3
[2018.04.26-16.23.48:621][  0]LightingResults: New page: Lighting Build
[2018.04.26-16.23.48:675][  0]MapCheck: New page: Map Check
[2018.04.26-16.23.48:676][  0]LightingResults: New page: Lighting Build
[2018.04.26-16.23.50:889][  0]LogAIModule: Creating AISystem for world ThirdPersonExampleMap
[2018.04.26-16.24.02:900][  0]LogEditorServer: Finished looking for orphan Actors (0.000 secs)
[2018.04.26-16.24.02:912][  0]Cmd: MAP CHECKDEP NOCLEARLOG
[2018.04.26-16.24.02:976][  0]MapCheck: Map check complete: 0 Error(s), 0 Warning(s), took 63.56ms to complete.
[2018.04.26-16.24.02:976][  0]LogFileHelpers: Loading map 'ThirdPersonExampleMap' took 14.355
[2018.04.26-16.24.03:194][  0]LogCollectionManager: Loaded 0 collections in 0.001753 seconds
[2018.04.26-16.24.03:301][  0]LogFileCache: Scanning file cache for directory 'E:/OS Starage Files/Documents/Unreal Projects/MyProject/Saved/Collections/' took 0.01s
[2018.04.26-16.24.03:301][  0]LogFileCache: Scanning file cache for directory 'E:/OS Starage Files/Documents/Unreal Projects/MyProject/Content/Developers/Charg/Collections/' took 0.01s
[2018.04.26-16.24.03:301][  0]LogFileCache: Scanning file cache for directory 'E:/OS Starage Files/Documents/Unreal Projects/MyProject/Content/Collections/' took 0.01s
[2018.04.26-16.24.03:301][  0]LogCollectionManager: Rebuilt the GUID cache for 0 collections in 0.000000 seconds
[2018.04.26-16.24.03:313][  0]LogContentBrowser: Native class hierarchy populated in 0.0102 seconds. Added 2363 classes and 519 folders.
[2018.04.26-16.24.03:399][  0]LogContentBrowser: Native class hierarchy updated for 'WidgetCarousel' in 0.0002 seconds. Added 0 classes and 0 folders.
[2018.04.26-16.24.03:750][  0]LogContentBrowser: Native class hierarchy updated for 'AddContentDialog' in 0.0003 seconds. Added 0 classes and 0 folders.
[2018.04.26-16.24.03:811][  0]LogContentBrowser: Native class hierarchy updated for 'SceneOutliner' in 0.0003 seconds. Added 1 classes and 2 folders.
[2018.04.26-16.24.03:864][  0]LogSlate: Took 0.000238 seconds to synchronously load lazily loaded font '../../../Engine/Content/Slate/Fonts/Roboto-Regular.ttf' (155K)
[2018.04.26-16.24.03:867][  0]LogSlate: Took 0.000210 seconds to synchronously load lazily loaded font '../../../Engine/Content/Slate/Fonts/Roboto-Bold.ttf' (160K)
[2018.04.26-16.24.03:876][  0]LogSlate: Took 0.004918 seconds to synchronously load lazily loaded font '../../../Engine/Content/Editor/Slate/Fonts/FontAwesome.ttf' (139K)
[2018.04.26-16.24.04:050][  0]LogRenderer: Reallocating scene render targets to support 1208x576 Format 10 NumSamples 1 (Frame:1).
[2018.04.26-16.24.04:240][  0]LogContentBrowser: Native class hierarchy updated for 'HierarchicalLODOutliner' in 0.0003 seconds. Added 1 classes and 2 folders.
[2018.04.26-16.24.04:240][  0]LogLoad: (Engine Initialization) Total time: 36.32 seconds
[2018.04.26-16.24.04:240][  0]LogLoad: (Engine Initialization) Total Blueprint compile time: 0.00 seconds
[2018.04.26-16.24.04:240][  0]LogExternalProfiler: No external profilers were discovered.  External profiling features will not be available.
[2018.04.26-16.24.04:251][  0]LogWindowsTextInputMethodSystem: Display: IME system now deactivated.
[2018.04.26-16.24.04:271][  0]LogContentStreaming: Texture pool size now 1000 MB
[2018.04.26-16.24.04:328][  0]LogSlate: Took 0.004731 seconds to synchronously load lazily loaded font '../../../Engine/Content/Slate/Fonts/Roboto-Light.ttf' (159K)
[2018.04.26-16.24.04:409][  1]LogAssetRegistry: Asset discovery search completed in 27.8964 seconds
[2018.04.26-16.24.04:411][  1]LogCollectionManager: Rebuilt the object cache for 0 collections in 0.000001 seconds (found 0 objects)
[2018.04.26-16.24.04:411][  1]LogCollectionManager: Fixed up redirectors for 0 collections in 0.000051 seconds (updated 0 objects)
[2018.04.26-16.37.01:681][394]LogEditorViewport: Clicking on Actor (context menu): Landscape (Landscape)
[2018.04.26-16.37.01:797][394]LogEditorViewport: Clicking on Actor (context menu): Landscape (Landscape)
[2018.04.26-16.37.03:233][475]LogEditorViewport: Clicking on Actor (context menu): Landscape (Landscape)
[2018.04.26-16.37.04:751][626]LogEditorViewport: Clicking on Actor (LMB): Landscape (Landscape)
[2018.04.26-16.37.10:012][940]LogEditorViewport: Clicking on Actor (LMB): BP_Sky_Sphere_C (SkySphereBlueprint)
[2018.04.26-16.37.32:843][ 56]LogEditorViewport: Clicking on Actor (LMB): BP_Sky_Sphere_C (SkySphereBlueprint)
[2018.04.26-16.44.28:827][ 22]LogEditorViewport: Clicking on Actor (LMB): StaticMeshActor (farmhouse_fbx)
[2018.04.26-16.48.33:312][675]LogSlate: Took 0.000168 seconds to synchronously load lazily loaded font '../../../Engine/Content/Slate/Fonts/Roboto-Light.ttf' (159K)
[2018.04.26-16.48.33:323][675]LogFactory: FactoryCreateFile: Texture with ReimportTextureFactory (0 0 E:\OS Starage Files\Downloads\chevalier\chevalier.bmp)
[2018.04.26-16.48.33:343][675]LogTexture: Display: Building textures: chevalier (AutoDXT, 512X512)
[2018.04.26-16.48.33:453][675]LogFactory: FactoryCreateFile: StaticMesh with FbxFactory (0 0 E:\OS Starage Files\Downloads\chevalier\chevalier.obj)
[2018.04.26-16.48.33:476][675]LogFbx: Loading FBX Scene from E:\OS Starage Files\Downloads\chevalier\chevalier.obj
[2018.04.26-16.48.33:484][675]LogFbx: FBX Scene Loaded Succesfully
[2018.04.26-16.48.38:582][675]LogFbx: Loading FBX Scene from E:\OS Starage Files\Downloads\chevalier\chevalier.obj
[2018.04.26-16.48.38:588][675]LogFbx: FBX Scene Loaded Succesfully
[2018.04.26-16.48.38:590][675]LogLinker: Can't find file '/Game/ThirdPersonBP/chevalierMat'
[2018.04.26-16.48.38:590][675]LogLinker: Can't find file '/Game/ThirdPersonBP/chevalierMat'
[2018.04.26-16.48.38:595][675]LogMaterial: Missing cached shader map for material chevalierMat, compiling. 
[2018.04.26-16.48.38:703][675]LogStaticMesh: Building static mesh chevalier_0...
[2018.04.26-16.48.38:721][675]LogStaticMesh: Built static mesh [0.02s] /Game/ThirdPersonBP/chevalier_0.chevalier_0
[2018.04.26-16.48.38:735][675]FBXImport: Warning: Warning: The imported mesh is very small. This is most likely an issue with the units used when exporting to FBX. 
[2018.04.26-16.48.46:914][277]LogActorFactory: Actor Factory created chevalier_0
[2018.04.26-16.48.48:205][356]LogActorFactory: Actor Factory created chevalier_0
[2018.04.26-16.48.52:300][726]LogSlate: Took 0.004923 seconds to synchronously load lazily loaded font '../../../Engine/Content/Editor/Slate/Fonts/Roboto-Italic.ttf' (157K)
[2018.04.26-16.49.17:063][525]LogEditorViewport: Clicking on Actor (LMB): StaticMeshActor (chevalier_0)
[2018.04.26-16.49.32:666][796]LogEditorViewport: Clicking on Actor (LMB): Landscape (Landscape)
[2018.04.26-16.49.46:970][555]LogEditorViewport: Clicking on Actor (LMB): StaticMeshActor (chevalier_0)
[2018.04.26-16.50.30:062][202]LogEditorViewport: Clicking on Actor (LMB): Landscape (Landscape)
[2018.04.26-16.50.31:981][310]LogEditorViewport: Clicking on Actor (LMB): BP_Sky_Sphere_C (SkySphereBlueprint)
[2018.04.26-16.50.34:374][518]LogEditorViewport: Clicking on Actor (LMB): StaticMeshActor (chevalier_0)
[2018.04.26-16.50.35:123][582]LogEditorViewport: Clicking on Actor (LMB): StaticMeshActor (chevalier_0)
[2018.04.26-16.51.49:209][341]LogEditorViewport: Clicking on Actor (LMB): BP_Sky_Sphere_C (SkySphereBlueprint)
[2018.04.26-16.51.51:729][378]LogSlate: Took 0.000165 seconds to synchronously load lazily loaded font '../../../Engine/Content/Slate/Fonts/Roboto-Regular.ttf' (155K)
[2018.04.26-16.51.51:968][378]LogSavePackage: Save=2019.68ms
[2018.04.26-16.51.51:968][378]LogSavePackage: Moving 'E:/OS Starage Files/Documents/Unreal Projects/MyProject/Saved/ThirdPersonExampleMap974F7A824C066AE6E671829B24196BC4.tmp' to 'E:/OS Starage Files/Documents/Unreal Projects/MyProject/Content/ThirdPersonBP/Maps/ThirdPersonExampleMap.umap'
[2018.04.26-16.51.51:975][378]LogSavePackage: Display: Finished SavePackage E:/OS Starage Files/Documents/Unreal Projects/MyProject/Content/ThirdPersonBP/Maps/ThirdPersonExampleMap.umap
[2018.04.26-16.51.52:225][378]LogSavePackage: Save=154.03ms
[2018.04.26-16.51.52:225][378]LogSavePackage: Moving 'E:/OS Starage Files/Documents/Unreal Projects/MyProject/Saved/ThirdPersonExampleMap_BuiltDataCB4FA6E14116F66669F42A8DE3F66582.tmp' to 'E:/OS Starage Files/Documents/Unreal Projects/MyProject/Content/ThirdPersonBP/Maps/ThirdPersonExampleMap_BuiltData.uasset'
[2018.04.26-16.51.52:227][378]LogSavePackage: Display: Finished SavePackage E:/OS Starage Files/Documents/Unreal Projects/MyProject/Content/ThirdPersonBP/Maps/ThirdPersonExampleMap_BuiltData.uasset
[2018.04.26-16.51.53:662][507]LogEditorViewport: Clicking on Actor (LMB): StaticMeshActor (chevalier_0)
[2018.04.26-16.52.05:786][453]LogSlate: Took 0.000204 seconds to synchronously load lazily loaded font '../../../Engine/Content/Slate/Fonts/Roboto-Light.ttf' (159K)
[2018.04.26-16.52.43:946][903]LogEditorFactories: Performing atomic reimport of [E:/OS Starage Files/Downloads/chevalier/chevalier.bmp]
[2018.04.26-16.52.43:947][903]LogFactory: FactoryCreateFile: Texture2D with ReimportTextureFactory (0 0 E:/OS Starage Files/Downloads/chevalier/chevalier.bmp)
[2018.04.26-16.52.43:965][903]LogTexture: Display: Building textures: chevalier (AutoDXT, 512X512)
[2018.04.26-16.52.44:061][903]LogEditorFactories: -- imported successfully
[2018.04.26-16.53.27:733][496]Cmd: OBJ SAVEPACKAGE PACKAGE="/Game/ThirdPersonBP/guyWithSword" FILE="E:/OS Starage Files/Documents/Unreal Projects/MyProject/Content/ThirdPersonBP/guyWithSword.uasset" SILENT=true
[2018.04.26-16.53.27:749][496]LogSavePackage: Save=13.75ms
[2018.04.26-16.53.27:749][496]LogSavePackage: Moving 'E:/OS Starage Files/Documents/Unreal Projects/MyProject/Saved/guyWithSword26450CA34FC18A075E1872ABEB009DC2.tmp' to 'E:/OS Starage Files/Documents/Unreal Projects/MyProject/Content/ThirdPersonBP/guyWithSword.uasset'
[2018.04.26-16.53.27:750][496]LogSavePackage: Display: Finished SavePackage E:/OS Starage Files/Documents/Unreal Projects/MyProject/Content/ThirdPersonBP/guyWithSword.uasset
[2018.04.26-16.53.31:022][786]LogContentBrowser: Native class hierarchy updated for 'MaterialEditor' in 0.0002 seconds. Added 1 classes and 0 folders.
[2018.04.26-16.53.31:025][786]LogMaterial: Missing cached shader map for material guyWithSword, compiling. 
[2018.04.26-16.53.31:138][786]LogMaterial: Missing cached shader map for material guyWithSword, compiling. 
[2018.04.26-16.53.31:158][786]LogMaterial: Missing cached shader map for material guyWithSword, compiling. 
[2018.04.26-16.53.31:218][786]LogSlate: Took 0.006205 seconds to synchronously load lazily loaded font '../../../Engine/Content/Editor/Slate/Fonts/Roboto-BoldCondensed.ttf' (158K)
[2018.04.26-16.53.37:045][159]LogMaterial: Missing cached shader map for material guyWithSword, compiling. 
[2018.04.26-16.53.37:063][159]LogMaterial: Missing cached shader map for material FMatExpressionPreview MaterialExpressionTextureSample_0, compiling. 
[2018.04.26-16.53.39:275][277]MaterialEditorStats: Base pass shader: 99 instructions
[2018.04.26-16.53.39:275][277]MaterialEditorStats: Base pass shader with Volumetric Lightmap: 172 instructions
[2018.04.26-16.53.39:275][277]MaterialEditorStats: Vertex shader: 29 instructions
[2018.04.26-16.53.39:275][277]MaterialEditorStats: Texture samplers: 2/16
[2018.04.26-16.53.50:487][958]LogMaterial: Missing cached shader map for material guyWithSword, compiling. 
[2018.04.26-16.53.50:512][958]LogMaterial: Missing cached shader map for material FMatExpressionPreview MaterialExpressionTextureSample_0, compiling. 
[2018.04.26-16.53.52:357][ 37]MaterialEditorStats: Base pass shader: 99 instructions
[2018.04.26-16.53.52:357][ 37]MaterialEditorStats: Base pass shader with Volumetric Lightmap: 172 instructions
[2018.04.26-16.53.52:357][ 37]MaterialEditorStats: Vertex shader: 29 instructions
[2018.04.26-16.53.52:357][ 37]MaterialEditorStats: Texture samplers: 2/16
[2018.04.26-16.53.57:018][337]LogMaterial: Missing cached shader map for material guyWithSword, compiling. 
[2018.04.26-16.53.57:038][337]LogMaterial: Missing cached shader map for material FMatExpressionPreview MaterialExpressionTextureSample_0, compiling. 
[2018.04.26-16.53.58:776][412]MaterialEditorStats: Base pass shader: 102 instructions
[2018.04.26-16.53.58:776][412]MaterialEditorStats: Base pass shader with Volumetric Lightmap: 175 instructions
[2018.04.26-16.53.58:776][412]MaterialEditorStats: Vertex shader: 31 instructions
[2018.04.26-16.53.58:776][412]MaterialEditorStats: Texture samplers: 3/16
[2018.04.26-16.53.58:776][412]MaterialEditorStats: User interpolators: 2/4 Scalars (1/4 Vectors) (TexCoords: 2, Custom: 0)
[2018.04.26-16.54.08:110][848]LogMaterial: Missing cached shader map for material guyWithSword, compiling. 
[2018.04.26-16.54.08:163][848]LogMaterial: Missing cached shader map for material guyWithSword, compiling. 
[2018.04.26-16.54.08:208][848]LogMaterial: Missing cached shader map for material guyWithSword, compiling. 
[2018.04.26-16.54.08:319][848]LogMaterial: Missing cached shader map for material FDebugViewModeMaterialProxy guyWithSword, compiling. 
[2018.04.26-16.54.09:178][848]TextureStreamingBuild: Display: Compiling optional shaders took 0.866 seconds.
[2018.04.26-16.54.37:432][991]LogEditorViewport: Clicking on Actor (LMB): Landscape (Landscape)
[2018.04.26-16.54.40:146][ 29]LogSavePackage: Save=2027.76ms
[2018.04.26-16.54.40:146][ 29]LogSavePackage: Moving 'E:/OS Starage Files/Documents/Unreal Projects/MyProject/Saved/ThirdPersonExampleMap1D1B74C74863BF1BE8DBEAA31FD23F36.tmp' to 'E:/OS Starage Files/Documents/Unreal Projects/MyProject/Content/ThirdPersonBP/Maps/ThirdPersonExampleMap.umap'
[2018.04.26-16.54.40:151][ 29]LogSavePackage: Display: Finished SavePackage E:/OS Starage Files/Documents/Unreal Projects/MyProject/Content/ThirdPersonBP/Maps/ThirdPersonExampleMap.umap
[2018.04.26-16.54.40:291][ 29]LogSavePackage: Save=113.46ms
[2018.04.26-16.54.40:291][ 29]LogSavePackage: Moving 'E:/OS Starage Files/Documents/Unreal Projects/MyProject/Saved/ThirdPersonExampleMap_BuiltDataE0FCCE9C444980B2BD5BCF854D18C6BB.tmp' to 'E:/OS Starage Files/Documents/Unreal Projects/MyProject/Content/ThirdPersonBP/Maps/ThirdPersonExampleMap_BuiltData.uasset'
[2018.04.26-16.54.40:292][ 29]LogSavePackage: Display: Finished SavePackage E:/OS Starage Files/Documents/Unreal Projects/MyProject/Content/ThirdPersonBP/Maps/ThirdPersonExampleMap_BuiltData.uasset
[2018.04.26-17.04.38:692][825]LogFileHelpers: Editor autosave (incl. sublevels) for '/Game/ThirdPersonBP/Maps/ThirdPersonExampleMap' took 0.010
[2018.04.26-17.04.38:694][825]OBJ SavePackage: Generating thumbnails for [1] asset(s) in package [/Game/ThirdPersonBP/chevalier] ([1] browsable assets)...
[2018.04.26-17.04.38:703][825]OBJ SavePackage:     Rendered thumbnail for [Texture2D /Game/ThirdPersonBP/chevalier.chevalier]
[2018.04.26-17.04.38:703][825]OBJ SavePackage: Finished generating thumbnails for package [/Game/ThirdPersonBP/chevalier]
[2018.04.26-17.04.38:728][825]LogSavePackage: Save=9.33ms
[2018.04.26-17.04.38:728][825]LogSavePackage: Moving 'E:/OS Starage Files/Documents/Unreal Projects/MyProject/Saved/chevalier_Auto1C65C36084405D7F23FD6DC8193632498.tmp' to 'E:/OS Starage Files/Documents/Unreal Projects/MyProject/Saved/Autosaves/Game/ThirdPersonBP/chevalier_Auto1.uasset'
[2018.04.26-17.04.38:729][825]LogSavePackage: Display: Finished SavePackage E:/OS Starage Files/Documents/Unreal Projects/MyProject/Saved/Autosaves/Game/ThirdPersonBP/chevalier_Auto1.uasset
[2018.04.26-17.04.38:730][825]OBJ SavePackage: Generating thumbnails for [1] asset(s) in package [/Game/ThirdPersonBP/chevalier_0] ([1] browsable assets)...
[2018.04.26-17.04.38:744][825]OBJ SavePackage:     Rendered thumbnail for [StaticMesh /Game/ThirdPersonBP/chevalier_0.chevalier_0]
[2018.04.26-17.04.38:744][825]OBJ SavePackage: Finished generating thumbnails for package [/Game/ThirdPersonBP/chevalier_0]
[2018.04.26-17.04.38:758][825]LogSavePackage: Save=13.07ms
[2018.04.26-17.04.38:758][825]LogSavePackage: Moving 'E:/OS Starage Files/Documents/Unreal Projects/MyProject/Saved/chevalier_0_Auto1CFFFBD0E42AE087ECD51D2A819E6B276.tmp' to 'E:/OS Starage Files/Documents/Unreal Projects/MyProject/Saved/Autosaves/Game/ThirdPersonBP/chevalier_0_Auto1.uasset'
[2018.04.26-17.04.38:759][825]LogSavePackage: Display: Finished SavePackage E:/OS Starage Files/Documents/Unreal Projects/MyProject/Saved/Autosaves/Game/ThirdPersonBP/chevalier_0_Auto1.uasset
[2018.04.26-17.04.38:759][825]OBJ SavePackage: Generating thumbnails for [1] asset(s) in package [/Game/ThirdPersonBP/chevalierMat] ([1] browsable assets)...
[2018.04.26-17.04.38:771][825]OBJ SavePackage:     Rendered thumbnail for [Material /Game/ThirdPersonBP/chevalierMat.chevalierMat]
[2018.04.26-17.04.38:771][825]OBJ SavePackage: Finished generating thumbnails for package [/Game/ThirdPersonBP/chevalierMat]
[2018.04.26-17.04.38:785][825]LogSavePackage: Save=12.26ms
[2018.04.26-17.04.38:785][825]LogSavePackage: Moving 'E:/OS Starage Files/Documents/Unreal Projects/MyProject/Saved/chevalierMat_Auto1750D28A4479DCA479FACB89FD78CD9DC.tmp' to 'E:/OS Starage Files/Documents/Unreal Projects/MyProject/Saved/Autosaves/Game/ThirdPersonBP/chevalierMat_Auto1.uasset'
[2018.04.26-17.04.38:786][825]LogSavePackage: Display: Finished SavePackage E:/OS Starage Files/Documents/Unreal Projects/MyProject/Saved/Autosaves/Game/ThirdPersonBP/chevalierMat_Auto1.uasset
[2018.04.26-17.04.38:786][825]OBJ SavePackage: Generating thumbnails for [1] asset(s) in package [/Game/ThirdPersonBP/guyWithSword] ([1] browsable assets)...
[2018.04.26-17.04.38:798][825]OBJ SavePackage:     Rendered thumbnail for [Material /Game/ThirdPersonBP/guyWithSword.guyWithSword]
[2018.04.26-17.04.38:798][825]OBJ SavePackage: Finished generating thumbnails for package [/Game/ThirdPersonBP/guyWithSword]
[2018.04.26-17.04.38:819][825]LogSavePackage: Save=14.45ms
[2018.04.26-17.04.38:819][825]LogSavePackage: Moving 'E:/OS Starage Files/Documents/Unreal Projects/MyProject/Saved/guyWithSword_Auto1F2EAA2FC45D718F4949061B23D4D534D.tmp' to 'E:/OS Starage Files/Documents/Unreal Projects/MyProject/Saved/Autosaves/Game/ThirdPersonBP/guyWithSword_Auto1.uasset'
[2018.04.26-17.04.38:819][825]LogSavePackage: Display: Finished SavePackage E:/OS Starage Files/Documents/Unreal Projects/MyProject/Saved/Autosaves/Game/ThirdPersonBP/guyWithSword_Auto1.uasset
[2018.04.26-17.04.38:819][825]LogFileHelpers: Auto-saving content packages took 0.127
[2018.04.26-17.05.50:626][284]LogEditorViewport: Clicking on Actor (LMB): StaticMeshActor (chevalier_0)
[2018.04.26-17.05.51:642][369]LogEditorViewport: Clicking on Actor (LMB): StaticMeshActor (chevalier_0)
[2018.04.26-17.05.51:722][374]LogEditorViewport: Clicking on Component (LMB): StaticMeshComponent (StaticMeshComponent0)
[2018.04.26-17.06.19:874][357]LogSlate: Warning: Slate: Had to block on waiting for a draw buffer
[2018.04.26-17.06.20:545][358]LogRenderer: Reallocating scene render targets to support 1208x632 Format 10 NumSamples 1 (Frame:1).
[2018.04.26-17.07.20:340][837]Cmd: OBJ SAVEPACKAGE PACKAGE="/Game/ThirdPersonBP/Materials/BumpyHouse" FILE="E:/OS Starage Files/Documents/Unreal Projects/MyProject/Content/ThirdPersonBP/Materials/BumpyHouse.uasset" SILENT=true
[2018.04.26-17.07.20:357][837]LogSavePackage: Save=14.74ms
[2018.04.26-17.07.20:357][837]LogSavePackage: Moving 'E:/OS Starage Files/Documents/Unreal Projects/MyProject/Saved/BumpyHouseC5079F8C464CF65CF5BC3389824DC73E.tmp' to 'E:/OS Starage Files/Documents/Unreal Projects/MyProject/Content/ThirdPersonBP/Materials/BumpyHouse.uasset'
[2018.04.26-17.07.20:358][837]LogSavePackage: Display: Finished SavePackage E:/OS Starage Files/Documents/Unreal Projects/MyProject/Content/ThirdPersonBP/Materials/BumpyHouse.uasset
[2018.04.26-17.07.20:494][837]Cmd: OBJ SAVEPACKAGE PACKAGE="/Game/ThirdPersonBP/farmhouse_fbx" FILE="E:/OS Starage Files/Documents/Unreal Projects/MyProject/Content/ThirdPersonBP/farmhouse_fbx.uasset" SILENT=true
[2018.04.26-17.07.20:515][837]LogSavePackage: Save=13.37ms
[2018.04.26-17.07.20:515][837]LogSavePackage: Moving 'E:/OS Starage Files/Documents/Unreal Projects/MyProject/Saved/farmhouse_fbxBAE8019C458EE3DEFAFD6EB238B338F4.tmp' to 'E:/OS Starage Files/Documents/Unreal Projects/MyProject/Content/ThirdPersonBP/farmhouse_fbx.uasset'
[2018.04.26-17.07.20:516][837]LogSavePackage: Display: Finished SavePackage E:/OS Starage Files/Documents/Unreal Projects/MyProject/Content/ThirdPersonBP/farmhouse_fbx.uasset
[2018.04.26-17.07.29:541][637]Cmd: OBJ SAVEPACKAGE PACKAGE="/Game/ThirdPersonBP/Materials/guyWithSword" FILE="E:/OS Starage Files/Documents/Unreal Projects/MyProject/Content/ThirdPersonBP/Materials/guyWithSword.uasset" SILENT=true
[2018.04.26-17.07.29:557][637]LogSavePackage: Save=14.44ms
[2018.04.26-17.07.29:557][637]LogSavePackage: Moving 'E:/OS Starage Files/Documents/Unreal Projects/MyProject/Saved/guyWithSword1956877946B1F8B9240954A7B655E8E4.tmp' to 'E:/OS Starage Files/Documents/Unreal Projects/MyProject/Content/ThirdPersonBP/Materials/guyWithSword.uasset'
[2018.04.26-17.07.29:559][637]LogSavePackage: Display: Finished SavePackage E:/OS Starage Files/Documents/Unreal Projects/MyProject/Content/ThirdPersonBP/Materials/guyWithSword.uasset
[2018.04.26-17.07.46:741][867]Cmd: OBJ SAVEPACKAGE PACKAGE="/Game/ThirdPersonBP/Materials/lambert13" FILE="E:/OS Starage Files/Documents/Unreal Projects/MyProject/Content/ThirdPersonBP/Materials/lambert13.uasset" SILENT=true
[2018.04.26-17.07.46:756][867]LogSavePackage: Save=13.01ms
[2018.04.26-17.07.46:756][867]LogSavePackage: Moving 'E:/OS Starage Files/Documents/Unreal Projects/MyProject/Saved/lambert13974E6DC9448A0012B0574A93DA11B2C7.tmp' to 'E:/OS Starage Files/Documents/Unreal Projects/MyProject/Content/ThirdPersonBP/Materials/lambert13.uasset'
[2018.04.26-17.07.46:761][867]LogSavePackage: Display: Finished SavePackage E:/OS Starage Files/Documents/Unreal Projects/MyProject/Content/ThirdPersonBP/Materials/lambert13.uasset
[2018.04.26-17.08.04:204][442]LogSavePackage: Save=14.22ms
[2018.04.26-17.08.04:205][442]LogSavePackage: Moving 'E:/OS Starage Files/Documents/Unreal Projects/MyProject/Saved/guyWithSword1F471D664B00DEDC0798468258684F73.tmp' to 'E:/OS Starage Files/Documents/Unreal Projects/MyProject/Content/ThirdPersonBP/Materials_Textures/guyWithSword.uasset'
[2018.04.26-17.08.04:206][442]LogSavePackage: Display: Finished SavePackage E:/OS Starage Files/Documents/Unreal Projects/MyProject/Content/ThirdPersonBP/Materials_Textures/guyWithSword.uasset
[2018.04.26-17.08.04:239][442]LogSavePackage: Save=15.29ms
[2018.04.26-17.08.04:239][442]LogSavePackage: Moving 'E:/OS Starage Files/Documents/Unreal Projects/MyProject/Saved/lambert13B9855E62450A6BD44EF2FDA767CECBD4.tmp' to 'E:/OS Starage Files/Documents/Unreal Projects/MyProject/Content/ThirdPersonBP/Materials_Textures/lambert13.uasset'
[2018.04.26-17.08.04:242][442]LogSavePackage: Display: Finished SavePackage E:/OS Starage Files/Documents/Unreal Projects/MyProject/Content/ThirdPersonBP/Materials_Textures/lambert13.uasset
[2018.04.26-17.08.04:275][442]LogSavePackage: Save=15.01ms
[2018.04.26-17.08.04:275][442]LogSavePackage: Moving 'E:/OS Starage Files/Documents/Unreal Projects/MyProject/Saved/BumpyHouse4225D1134126B41837666DA2439EC08A.tmp' to 'E:/OS Starage Files/Documents/Unreal Projects/MyProject/Content/ThirdPersonBP/Materials_Textures/BumpyHouse.uasset'
[2018.04.26-17.08.04:277][442]LogSavePackage: Display: Finished SavePackage E:/OS Starage Files/Documents/Unreal Projects/MyProject/Content/ThirdPersonBP/Materials_Textures/BumpyHouse.uasset
[2018.04.26-17.08.04:475][442]Cmd: OBJ SAVEPACKAGE PACKAGE="/Game/ThirdPersonBP/farmhouse_fbx" FILE="E:/OS Starage Files/Documents/Unreal Projects/MyProject/Content/ThirdPersonBP/farmhouse_fbx.uasset" SILENT=true
[2018.04.26-17.08.04:485][442]LogSavePackage: Save=6.72ms
[2018.04.26-17.08.04:485][442]LogSavePackage: Moving 'E:/OS Starage Files/Documents/Unreal Projects/MyProject/Saved/farmhouse_fbxE335043142F036895929CA926979B129.tmp' to 'E:/OS Starage Files/Documents/Unreal Projects/MyProject/Content/ThirdPersonBP/farmhouse_fbx.uasset'
[2018.04.26-17.08.04:486][442]LogSavePackage: Display: Finished SavePackage E:/OS Starage Files/Documents/Unreal Projects/MyProject/Content/ThirdPersonBP/farmhouse_fbx.uasset
[2018.04.26-17.08.08:150][806]LogSavePackage: Save=23.59ms
[2018.04.26-17.08.08:150][806]LogSavePackage: Moving 'E:/OS Starage Files/Documents/Unreal Projects/MyProject/Saved/chevalier99CCE6DC45BC91CE61D78E9F88B4FD12.tmp' to 'E:/OS Starage Files/Documents/Unreal Projects/MyProject/Content/ThirdPersonBP/Materials_Textures/chevalier.uasset'
[2018.04.26-17.08.08:152][806]LogSavePackage: Display: Finished SavePackage E:/OS Starage Files/Documents/Unreal Projects/MyProject/Content/ThirdPersonBP/Materials_Textures/chevalier.uasset
[2018.04.26-17.08.08:287][806]LogSavePackage: Save=6.31ms
[2018.04.26-17.08.08:287][806]LogSavePackage: Moving 'E:/OS Starage Files/Documents/Unreal Projects/MyProject/Saved/guyWithSword36D28ECF4FD3E85BE11178A43700D704.tmp' to 'E:/OS Starage Files/Documents/Unreal Projects/MyProject/Content/ThirdPersonBP/Materials_Textures/guyWithSword.uasset'
[2018.04.26-17.08.08:288][806]LogSavePackage: Display: Finished SavePackage E:/OS Starage Files/Documents/Unreal Projects/MyProject/Content/ThirdPersonBP/Materials_Textures/guyWithSword.uasset
[2018.04.26-17.08.16:825][578]LogSavePackage: Save=59.33ms
[2018.04.26-17.08.16:825][578]LogSavePackage: Moving 'E:/OS Starage Files/Documents/Unreal Projects/MyProject/Saved/Farmhouse_Texture12D160E44293CE737861828C5DA8B733.tmp' to 'E:/OS Starage Files/Documents/Unreal Projects/MyProject/Content/ThirdPersonBP/Materials_Textures/Farmhouse_Texture.uasset'
[2018.04.26-17.08.16:826][578]LogSavePackage: Display: Finished SavePackage E:/OS Starage Files/Documents/Unreal Projects/MyProject/Content/ThirdPersonBP/Materials_Textures/Farmhouse_Texture.uasset
[2018.04.26-17.08.16:958][578]LogSavePackage: Save=6.88ms
[2018.04.26-17.08.16:958][578]LogSavePackage: Moving 'E:/OS Starage Files/Documents/Unreal Projects/MyProject/Saved/BumpyHouseE9191DC241E775730FB9BEAF17F49814.tmp' to 'E:/OS Starage Files/Documents/Unreal Projects/MyProject/Content/ThirdPersonBP/Materials_Textures/BumpyHouse.uasset'
[2018.04.26-17.08.16:961][578]LogSavePackage: Display: Finished SavePackage E:/OS Starage Files/Documents/Unreal Projects/MyProject/Content/ThirdPersonBP/Materials_Textures/BumpyHouse.uasset
[2018.04.26-17.08.21:126][957]LogSavePackage: Save=48.93ms
[2018.04.26-17.08.21:126][957]LogSavePackage: Moving 'E:/OS Starage Files/Documents/Unreal Projects/MyProject/Saved/Farmhouse_Texture_Bump_Map_B25357DE4CF296C198B128885F202C6D.tmp' to 'E:/OS Starage Files/Documents/Unreal Projects/MyProject/Content/ThirdPersonBP/Materials_Textures/Farmhouse_Texture_Bump_Map_.uasset'
[2018.04.26-17.08.21:127][957]LogSavePackage: Display: Finished SavePackage E:/OS Starage Files/Documents/Unreal Projects/MyProject/Content/ThirdPersonBP/Materials_Textures/Farmhouse_Texture_Bump_Map_.uasset
[2018.04.26-17.08.21:251][957]LogSavePackage: Save=5.96ms
[2018.04.26-17.08.21:252][957]LogSavePackage: Moving 'E:/OS Starage Files/Documents/Unreal Projects/MyProject/Saved/BumpyHouse81F23CAA48EA5B5B0BEA7C8F43D13A49.tmp' to 'E:/OS Starage Files/Documents/Unreal Projects/MyProject/Content/ThirdPersonBP/Materials_Textures/BumpyHouse.uasset'
[2018.04.26-17.08.21:253][957]LogSavePackage: Display: Finished SavePackage E:/OS Starage Files/Documents/Unreal Projects/MyProject/Content/ThirdPersonBP/Materials_Textures/BumpyHouse.uasset
[2018.04.26-17.31.36:637][488]Cmd: OBJ SAVEPACKAGE PACKAGE="/Game/ThirdPersonBP/chevalier_0" FILE="E:/OS Starage Files/Documents/Unreal Projects/MyProject/Content/ThirdPersonBP/chevalier_0.uasset" SILENT=true
[2018.04.26-17.31.36:657][488]LogSavePackage: Save=14.22ms
[2018.04.26-17.31.36:657][488]LogSavePackage: Moving 'E:/OS Starage Files/Documents/Unreal Projects/MyProject/Saved/chevalier_0A35301B145052E6AA0AED6815B15B638.tmp' to 'E:/OS Starage Files/Documents/Unreal Projects/MyProject/Content/ThirdPersonBP/chevalier_0.uasset'
[2018.04.26-17.31.36:663][488]LogSavePackage: Display: Finished SavePackage E:/OS Starage Files/Documents/Unreal Projects/MyProject/Content/ThirdPersonBP/chevalier_0.uasset
[2018.04.26-17.31.36:926][489]Cmd: QUIT_EDITOR
[2018.04.26-17.31.36:941][489]LogWindowsTextInputMethodSystem: Display: IME system now deactivated.
[2018.04.26-17.31.36:954][489]LogExit: Preparing to exit.
[2018.04.26-17.31.37:133][489]LogExit: Editor shut down
[2018.04.26-17.31.37:137][489]LogExit: Transaction tracking system shut down
[2018.04.26-17.31.37:202][489]LogDirectoryWatcher: A directory notification for '../../../Engine/Content/' was aborted.
[2018.04.26-17.31.37:202][489]LogDirectoryWatcher: A directory notification for 'E:/OS Starage Files/Documents/Unreal Projects/MyProject/Content/' was aborted.
[2018.04.26-17.31.37:202][489]LogDirectoryWatcher: A directory notification for '../../../Engine/Plugins/2D/Paper2D/Content/' was aborted.
[2018.04.26-17.31.37:202][489]LogDirectoryWatcher: A directory notification for '../../../Engine/Plugins/Media/MediaCompositing/Content/' was aborted.
[2018.04.26-17.31.37:202][489]LogDirectoryWatcher: A directory notification for '../../../Engine/Plugins/Runtime/AppleARKit/Content/' was aborted.
[2018.04.26-17.31.37:202][489]LogDirectoryWatcher: A directory notification for '../../../Engine/Plugins/Runtime/Oculus/OculusVR/Content/' was aborted.
[2018.04.26-17.31.37:202][489]LogDirectoryWatcher: A directory notification for '../../../Engine/Plugins/Runtime/Steam/SteamVR/Content/' was aborted.
[2018.04.26-17.31.37:255][489]LogExit: Object subsystem successfully closed.
[2018.04.26-17.31.37:281][489]LogD3D11RHI: Shutdown
[2018.04.26-17.31.37:281][489]LogD3D11RHI: CleanupD3DDevice
[2018.04.26-17.31.37:285][489]LogD3D11RHI: ~FD3D11DynamicRHI
[2018.04.26-17.31.37:302][489]LogModuleManager: Shutting down and abandoning module MaterialEditor (552)
[2018.04.26-17.31.37:302][489]LogModuleManager: Shutting down and abandoning module StaticMeshEditor (550)
[2018.04.26-17.31.37:302][489]LogModuleManager: Shutting down and abandoning module HierarchicalLODOutliner (548)
[2018.04.26-17.31.37:302][489]LogModuleManager: Shutting down and abandoning module SceneOutliner (546)
[2018.04.26-17.31.37:302][489]LogModuleManager: Shutting down and abandoning module AddContentDialog (544)
[2018.04.26-17.31.37:302][489]LogDirectoryWatcher: A directory notification for 'C:/Users/Charg/Desktop/Unreal/UE_4.18/FeaturePacks/' was aborted.
[2018.04.26-17.31.37:303][489]LogModuleManager: Shutting down and abandoning module WidgetCarousel (543)
[2018.04.26-17.31.37:303][489]LogModuleManager: Shutting down and abandoning module EditorWidgets (540)
[2018.04.26-17.31.37:303][489]LogModuleManager: Shutting down and abandoning module CollectionManager (538)
[2018.04.26-17.31.37:303][489]LogDirectoryWatcher: A directory notification for 'E:/OS Starage Files/Documents/Unreal Projects/MyProject/Content/Collections/' was aborted.
[2018.04.26-17.31.37:303][489]LogDirectoryWatcher: A directory notification for 'E:/OS Starage Files/Documents/Unreal Projects/MyProject/Content/Developers/Charg/Collections/' was aborted.
[2018.04.26-17.31.37:303][489]LogDirectoryWatcher: A directory notification for 'E:/OS Starage Files/Documents/Unreal Projects/MyProject/Saved/Collections/' was aborted.
[2018.04.26-17.31.37:303][489]LogModuleManager: Shutting down and abandoning module StatsViewer (536)
[2018.04.26-17.31.37:303][489]LogModuleManager: Shutting down and abandoning module FoliageEdit (534)
[2018.04.26-17.31.37:303][489]LogModuleManager: Shutting down and abandoning module LandscapeEditor (532)
[2018.04.26-17.31.37:303][489]LogModuleManager: Shutting down and abandoning module MeshPaintMode (530)
[2018.04.26-17.31.37:303][489]LogModuleManager: Shutting down and abandoning module SceneDepthPickerMode (528)
[2018.04.26-17.31.37:303][489]LogModuleManager: Shutting down and abandoning module ActorPickerMode (526)
[2018.04.26-17.31.37:303][489]LogModuleManager: Shutting down and abandoning module GeometryMode (524)
[2018.04.26-17.31.37:303][489]LogModuleManager: Shutting down and abandoning module TextureAlignMode (522)
[2018.04.26-17.31.37:303][489]LogModuleManager: Shutting down and abandoning module BspMode (520)
[2018.04.26-17.31.37:303][489]LogModuleManager: Shutting down and abandoning module PIEPreviewDeviceProfileSelector (518)
[2018.04.26-17.31.37:303][489]LogModuleManager: Shutting down and abandoning module HardwareSurvey (516)
[2018.04.26-17.31.37:303][489]LogModuleManager: Shutting down and abandoning module SequenceRecorderSections (514)
[2018.04.26-17.31.37:303][489]LogModuleManager: Shutting down and abandoning module AutomationWorker (512)
[2018.04.26-17.31.37:304][489]LogModuleManager: Shutting down and abandoning module MatineeToLevelSequence (510)
[2018.04.26-17.31.37:304][489]LogModuleManager: Shutting down and abandoning module LevelSequenceEditor (508)
[2018.04.26-17.31.37:304][489]LogModuleManager: Shutting down and abandoning module PlacementMode (507)
[2018.04.26-17.31.37:304][489]LogModuleManager: Shutting down and abandoning module WmfMediaFactory (504)
[2018.04.26-17.31.37:304][489]LogModuleManager: Shutting down and abandoning module WmfMediaEditor (502)
[2018.04.26-17.31.37:304][489]LogModuleManager: Shutting down and abandoning module OpenExrWrapper (500)
[2018.04.26-17.31.37:304][489]LogModuleManager: Shutting down and abandoning module ImgMediaFactory (498)
[2018.04.26-17.31.37:304][489]LogModuleManager: Shutting down and abandoning module ImgMediaEditor (496)
[2018.04.26-17.31.37:304][489]LogModuleManager: Shutting down and abandoning module AvfMediaFactory (494)
[2018.04.26-17.31.37:304][489]LogModuleManager: Shutting down and abandoning module AvfMediaEditor (492)
[2018.04.26-17.31.37:304][489]LogModuleManager: Shutting down and abandoning module AndroidMediaFactory (490)
[2018.04.26-17.31.37:304][489]LogModuleManager: Shutting down and abandoning module AndroidMediaEditor (488)
[2018.04.26-17.31.37:304][489]LogModuleManager: Shutting down and abandoning module CharacterAI (486)
[2018.04.26-17.31.37:304][489]LogModuleManager: Shutting down and abandoning module AudioCapture (484)
[2018.04.26-17.31.37:304][489]LogModuleManager: Shutting down and abandoning module SequenceRecorder (483)
[2018.04.26-17.31.37:304][489]LogModuleManager: Shutting down and abandoning module SmartSnapping (480)
[2018.04.26-17.31.37:304][489]LogModuleManager: Shutting down and abandoning module SessionServices (478)
[2018.04.26-17.31.37:304][489]LogModuleManager: Shutting down and abandoning module ViewportSnapping (476)
[2018.04.26-17.31.37:304][489]LogModuleManager: Shutting down and abandoning module ViewportInteraction (474)
[2018.04.26-17.31.37:304][489]LogModuleManager: Shutting down and abandoning module ClothPainter (472)
[2018.04.26-17.31.37:304][489]LogModuleManager: Shutting down and abandoning module SkeletalMeshEditor (471)
[2018.04.26-17.31.37:304][489]LogModuleManager: Shutting down and abandoning module LogVisualizer (468)
[2018.04.26-17.31.37:304][489]LogModuleManager: Shutting down and abandoning module IntroTutorials (466)
[2018.04.26-17.31.37:304][489]LogModuleManager: Shutting down and abandoning module GameProjectGeneration (465)
[2018.04.26-17.31.37:304][489]LogModuleManager: Shutting down and abandoning module IOSPlatformEditor (462)
[2018.04.26-17.31.37:304][489]LogModuleManager: Shutting down and abandoning module HTML5PlatformEditor (460)
[2018.04.26-17.31.37:304][489]LogModuleManager: Shutting down and abandoning module AndroidPlatformEditor (458)
[2018.04.26-17.31.37:304][489]LogModuleManager: Shutting down and abandoning module AndroidDeviceDetection (457)
[2018.04.26-17.31.37:311][489]LogModuleManager: Shutting down and abandoning module WindowsPlatformEditor (454)
[2018.04.26-17.31.37:311][489]LogModuleManager: Shutting down and abandoning module IOSRuntimeSettings (452)
[2018.04.26-17.31.37:311][489]LogModuleManager: Shutting down and abandoning module AndroidRuntimeSettings (450)
[2018.04.26-17.31.37:311][489]LogModuleManager: Shutting down and abandoning module InputBindingEditor (448)
[2018.04.26-17.31.37:311][489]LogModuleManager: Shutting down and abandoning module MergeActors (446)
[2018.04.26-17.31.37:311][489]LogModuleManager: Shutting down and abandoning module SizeMap (444)
[2018.04.26-17.31.37:311][489]LogModuleManager: Shutting down and abandoning module TreeMap (442)
[2018.04.26-17.31.37:312][489]LogModuleManager: Shutting down and abandoning module ReferenceViewer (440)
[2018.04.26-17.31.37:312][489]LogModuleManager: Shutting down and abandoning module LocalizationDashboard (438)
[2018.04.26-17.31.37:312][489]LogModuleManager: Shutting down and abandoning module LocalizationService (437)
[2018.04.26-17.31.37:312][489]LogModuleManager: Shutting down and abandoning module HardwareTargeting (434)
[2018.04.26-17.31.37:312][489]LogModuleManager: Shutting down and abandoning module DeviceProfileEditor (432)
[2018.04.26-17.31.37:312][489]LogModuleManager: Shutting down and abandoning module UndoHistory (430)
[2018.04.26-17.31.37:312][489]LogModuleManager: Shutting down and abandoning module XmlParser (428)
[2018.04.26-17.31.37:312][489]LogModuleManager: Shutting down and abandoning module Blutility (426)
[2018.04.26-17.31.37:312][489]LogModuleManager: Shutting down and abandoning module ProjectSettingsViewer (424)
[2018.04.26-17.31.37:312][489]LogModuleManager: Shutting down and abandoning module ProjectTargetPlatformEditor (423)
[2018.04.26-17.31.37:312][489]LogModuleManager: Shutting down and abandoning module EditorSettingsViewer (420)
[2018.04.26-17.31.37:312][489]LogModuleManager: Shutting down and abandoning module SettingsEditor (418)
[2018.04.26-17.31.37:312][489]LogModuleManager: Shutting down and abandoning module ProjectLauncher (416)
[2018.04.26-17.31.37:312][489]LogModuleManager: Shutting down and abandoning module SessionFrontend (414)
[2018.04.26-17.31.37:312][489]LogModuleManager: Shutting down and abandoning module ProfilerClient (412)
[2018.04.26-17.31.37:312][489]LogModuleManager: Shutting down and abandoning module DeviceManager (410)
[2018.04.26-17.31.37:312][489]LogModuleManager: Shutting down and abandoning module TargetDeviceServices (409)
[2018.04.26-17.31.37:366][489]LogModuleManager: Shutting down and abandoning module AutomationController (406)
[2018.04.26-17.31.37:366][489]LogModuleManager: Shutting down and abandoning module AutomationWindow (404)
[2018.04.26-17.31.37:366][489]LogModuleManager: Shutting down and abandoning module Layers (402)
[2018.04.26-17.31.37:366][489]LogModuleManager: Shutting down and abandoning module ComponentVisualizers (400)
[2018.04.26-17.31.37:366][489]LogModuleManager: Shutting down and abandoning module DetailCustomizations (398)
[2018.04.26-17.31.37:366][489]LogModuleManager: Shutting down and abandoning module PackagesDialog (396)
[2018.04.26-17.31.37:366][489]LogModuleManager: Shutting down and abandoning module Persona (394)
[2018.04.26-17.31.37:366][489]LogModuleManager: Shutting down and abandoning module AdvancedPreviewScene (393)
[2018.04.26-17.31.37:366][489]LogModuleManager: Shutting down and abandoning module AnimGraph (391)
[2018.04.26-17.31.37:366][489]LogModuleManager: Shutting down and abandoning module Kismet (388)
[2018.04.26-17.31.37:367][489]LogModuleManager: Shutting down and abandoning module ClassViewer (386)
[2018.04.26-17.31.37:367][489]LogModuleManager: Shutting down and abandoning module Toolbox (384)
[2018.04.26-17.31.37:367][489]LogModuleManager: Shutting down and abandoning module ModuleUI (382)
[2018.04.26-17.31.37:367][489]LogModuleManager: Shutting down and abandoning module MovieSceneTools (380)
[2018.04.26-17.31.37:367][489]LogModuleManager: Shutting down and abandoning module OutputLog (378)
[2018.04.26-17.31.37:367][489]LogModuleManager: Shutting down and abandoning module GammaUI (376)
[2018.04.26-17.31.37:367][489]LogModuleManager: Shutting down and abandoning module Documentation (374)
[2018.04.26-17.31.37:367][489]LogModuleManager: Shutting down and abandoning module MovieSceneTracks (372)
[2018.04.26-17.31.37:367][489]LogModuleManager: Shutting down and abandoning module MovieScene (370)
[2018.04.26-17.31.37:367][489]LogModuleManager: Shutting down and abandoning module StreamingPauseRendering (368)
[2018.04.26-17.31.37:367][489]LogModuleManager: Shutting down and abandoning module LauncherPlatform (366)
[2018.04.26-17.31.37:367][489]LogModuleManager: Shutting down and abandoning module AnalyticsET (364)
[2018.04.26-17.31.37:367][489]LogModuleManager: Shutting down and abandoning module PortalServices (362)
[2018.04.26-17.31.37:367][489]LogModuleManager: Shutting down and abandoning module PortalRpc (360)
[2018.04.26-17.31.37:367][489]LogModuleManager: Shutting down and abandoning module MessagingRpc (358)
[2018.04.26-17.31.37:367][489]LogModuleManager: Shutting down and abandoning module AIModule (356)
[2018.04.26-17.31.37:367][489]LogModuleManager: Shutting down and abandoning module GameplayDebugger (355)
[2018.04.26-17.31.37:367][489]LogModuleManager: Shutting down and abandoning module AITestSuite (353)
[2018.04.26-17.31.37:367][489]LogModuleManager: Shutting down and abandoning module DesktopPlatform (350)
[2018.04.26-17.31.37:367][489]LogModuleManager: Shutting down and abandoning module ProfilerService (348)
[2018.04.26-17.31.37:479][489]LogModuleManager: Shutting down and abandoning module TaskGraph (346)
[2018.04.26-17.31.37:479][489]LogModuleManager: Shutting down and abandoning module SteamVRController (344)
[2018.04.26-17.31.37:479][489]LogModuleManager: Shutting down and abandoning module ProceduralMeshComponentEditor (342)
[2018.04.26-17.31.37:479][489]LogModuleManager: Shutting down and abandoning module ProceduralMeshComponent (340)
[2018.04.26-17.31.37:479][489]LogModuleManager: Shutting down and abandoning module OculusInput (338)
[2018.04.26-17.31.37:479][489]LogModuleManager: Shutting down and abandoning module MobilePatchingUtils (336)
[2018.04.26-17.31.37:479][489]LogModuleManager: Shutting down and abandoning module CustomMeshComponent (334)
[2018.04.26-17.31.37:479][489]LogModuleManager: Shutting down and abandoning module CableComponent (332)
[2018.04.26-17.31.37:479][489]LogModuleManager: Shutting down and abandoning module ArchVisCharacter (330)
[2018.04.26-17.31.37:479][489]LogModuleManager: Shutting down and abandoning module AndroidPermission (328)
[2018.04.26-17.31.37:479][489]LogModuleManager: Shutting down and abandoning module ActorSequence (324)
[2018.04.26-17.31.37:479][489]LogModuleManager: Shutting down and abandoning module MediaPlayerEditor (322)
[2018.04.26-17.31.37:480][489]LogModuleManager: Shutting down and abandoning module MediaCompositingEditor (320)
[2018.04.26-17.31.37:480][489]LogModuleManager: Shutting down and abandoning module MediaCompositing (318)
[2018.04.26-17.31.37:480][489]LogModuleManager: Shutting down and abandoning module HTML5Networking (316)
[2018.04.26-17.31.37:480][489]LogModuleManager: Shutting down and abandoning module AlembicImporter (314)
[2018.04.26-17.31.37:480][489]LogModuleManager: Shutting down and abandoning module AlembicLibrary (313)
[2018.04.26-17.31.37:480][489]LogModuleManager: Shutting down and abandoning module GeometryCache (312)
[2018.04.26-17.31.37:480][489]LogModuleManager: Shutting down and abandoning module GeometryCacheEd (311)
[2018.04.26-17.31.37:480][489]LogModuleManager: Shutting down and abandoning module SpeedTreeImporter (306)
[2018.04.26-17.31.37:480][489]LogModuleManager: Shutting down and abandoning module PluginBrowser (304)
[2018.04.26-17.31.37:480][489]LogModuleManager: Shutting down and abandoning module MobileLauncherProfileWizard (302)
[2018.04.26-17.31.37:480][489]LogModuleManager: Shutting down and abandoning module VisualStudioSourceCodeAccess (300)
[2018.04.26-17.31.37:480][489]LogModuleManager: Shutting down and abandoning module VisualStudioCodeSourceCodeAccess (298)
[2018.04.26-17.31.37:480][489]LogModuleManager: Shutting down and abandoning module UObjectPlugin (296)
[2018.04.26-17.31.37:480][489]LogModuleManager: Shutting down and abandoning module SubversionSourceControl (294)
[2018.04.26-17.31.37:480][489]LogModuleManager: Shutting down and abandoning module PerforceSourceControl (292)
[2018.04.26-17.31.37:480][489]LogModuleManager: Shutting down and abandoning module GitSourceControl (290)
[2018.04.26-17.31.37:480][489]LogModuleManager: Shutting down and abandoning module SourceControl (289)
[2018.04.26-17.31.37:480][489]LogModuleManager: Shutting down and abandoning module LightPropagationVolumeEditor (286)
[2018.04.26-17.31.37:480][489]LogModuleManager: Shutting down and abandoning module PaperTiledImporter (284)
[2018.04.26-17.31.37:480][489]LogModuleManager: Shutting down and abandoning module PaperSpriteSheetImporter (282)
[2018.04.26-17.31.37:480][489]LogModuleManager: Shutting down and abandoning module Paper2DEditor (280)
[2018.04.26-17.31.37:480][489]LogModuleManager: Shutting down and abandoning module MeshPaint (279)
[2018.04.26-17.31.37:480][489]LogModuleManager: Shutting down and abandoning module LevelEditor (277)
[2018.04.26-17.31.37:481][489]LogModuleManager: Shutting down and abandoning module PixelInspectorModule (276)
[2018.04.26-17.31.37:481][489]LogModuleManager: Shutting down and abandoning module MainFrame (274)
[2018.04.26-17.31.37:481][489]LogModuleManager: Shutting down and abandoning module HotReload (273)
[2018.04.26-17.31.37:481][489]LogModuleManager: Shutting down and abandoning module RuntimePhysXCooking (268)
[2018.04.26-17.31.37:481][489]LogModuleManager: Shutting down and abandoning module PhysXVehiclesEditor (266)
[2018.04.26-17.31.37:482][489]LogModuleManager: Shutting down and abandoning module PhysXVehicles (264)
[2018.04.26-17.31.37:482][489]LogModuleManager: Shutting down and abandoning module OculusEditor (262)
[2018.04.26-17.31.37:482][489]LogModuleManager: Shutting down and abandoning module LocationServicesBPLibrary (260)
[2018.04.26-17.31.37:482][489]LogModuleManager: Shutting down and abandoning module ImmediatePhysicsEditor (258)
[2018.04.26-17.31.37:482][489]LogModuleManager: Shutting down and abandoning module ImmediatePhysics (256)
[2018.04.26-17.31.37:482][489]LogModuleManager: Shutting down and abandoning module UdpMessaging (254)
[2018.04.26-17.31.37:583][489]LogModuleManager: Shutting down and abandoning module TcpMessaging (252)
[2018.04.26-17.31.37:683][489]LogModuleManager: Shutting down and abandoning module GameplayTagsEditor (250)
[2018.04.26-17.31.37:683][489]LogModuleManager: Shutting down and abandoning module FacialAnimationEditor (248)
[2018.04.26-17.31.37:683][489]LogModuleManager: Shutting down and abandoning module FacialAnimation (246)
[2018.04.26-17.31.37:683][489]LogModuleManager: Shutting down and abandoning module AssetManagerEditor (244)
[2018.04.26-17.31.37:683][489]LogModuleManager: Shutting down and abandoning module GraphEditor (243)
[2018.04.26-17.31.37:683][489]LogModuleManager: Shutting down and abandoning module ContentBrowser (241)
[2018.04.26-17.31.37:684][489]LogModuleManager: Shutting down and abandoning module LightPropagationVolumeRuntime (238)
[2018.04.26-17.31.37:684][489]LogModuleManager: Shutting down and abandoning module Paper2D (236)
[2018.04.26-17.31.37:684][489]LogModuleManager: Shutting down and abandoning module WindowsMoviePlayer (234)
[2018.04.26-17.31.37:684][489]LogModuleManager: Shutting down and abandoning module WmfMedia (232)
[2018.04.26-17.31.37:685][489]LogModuleManager: Shutting down and abandoning module ImgMedia (230)
[2018.04.26-17.31.37:685][489]LogModuleManager: Shutting down and abandoning module PacketHandler (228)
[2018.04.26-17.31.37:685][489]LogModuleManager: Shutting down and abandoning module ClothingSystemEditor (226)
[2018.04.26-17.31.37:685][489]LogModuleManager: Shutting down and abandoning module ClothingSystemRuntime (224)
[2018.04.26-17.31.37:685][489]LogModuleManager: Shutting down and abandoning module MediaAssets (222)
[2018.04.26-17.31.37:685][489]LogModuleManager: Shutting down and abandoning module Media (221)
[2018.04.26-17.31.37:692][489]LogModuleManager: Shutting down and abandoning module Overlay (218)
[2018.04.26-17.31.37:692][489]LogModuleManager: Shutting down and abandoning module OverlayEditor (217)
[2018.04.26-17.31.37:692][489]LogModuleManager: Shutting down and abandoning module VREditor (214)
[2018.04.26-17.31.37:692][489]LogModuleManager: Shutting down and abandoning module StringTableEditor (212)
[2018.04.26-17.31.37:693][489]LogModuleManager: Shutting down and abandoning module GameplayTasksEditor (210)
[2018.04.26-17.31.37:693][489]LogModuleManager: Shutting down and abandoning module BehaviorTreeEditor (208)
[2018.04.26-17.31.37:693][489]LogModuleManager: Shutting down and abandoning module FunctionalTesting (206)
[2018.04.26-17.31.37:693][489]LogModuleManager: Shutting down and abandoning module CollisionAnalyzer (204)
[2018.04.26-17.31.37:693][489]LogModuleManager: Shutting down and abandoning module WorkspaceMenuStructure (203)
[2018.04.26-17.31.37:693][489]LogModuleManager: Shutting down and abandoning module UMG (200)
[2018.04.26-17.31.37:693][489]LogModuleManager: Shutting down and abandoning module UMGEditor (199)
[2018.04.26-17.31.37:693][489]LogModuleManager: Shutting down and abandoning module Sequencer (198)
[2018.04.26-17.31.37:693][489]LogModuleManager: Shutting down and abandoning module MessageLog (195)
[2018.04.26-17.31.37:693][489]LogModuleManager: Shutting down and abandoning module SlateReflector (190)
[2018.04.26-17.31.37:693][489]LogModuleManager: Shutting down and abandoning module Slate (188)
[2018.04.26-17.31.37:693][489]LogModuleManager: Shutting down and abandoning module EditorStyle (186)
[2018.04.26-17.31.37:695][489]LogModuleManager: Shutting down and abandoning module MRMesh (184)
[2018.04.26-17.31.37:695][489]LogModuleManager: Shutting down and abandoning module SourceCodeAccess (182)
[2018.04.26-17.31.37:695][489]LogModuleManager: Shutting down and abandoning module HeadMountedDisplay (180)
[2018.04.26-17.31.37:695][489]LogModuleManager: Shutting down and abandoning module XAudio2 (178)
[2018.04.26-17.31.37:695][489]LogModuleManager: Shutting down and abandoning module Networking (176)
[2018.04.26-17.31.37:695][489]LogModuleManager: Shutting down and abandoning module Core (172)
[2018.04.26-17.31.37:695][489]LogModuleManager: Shutting down and abandoning module LevelSequence (168)
[2018.04.26-17.31.37:695][489]LogModuleManager: Shutting down and abandoning module DirectoryWatcher (166)
[2018.04.26-17.31.37:696][489]LogModuleManager: Shutting down and abandoning module KismetCompiler (164)
[2018.04.26-17.31.37:696][489]LogModuleManager: Shutting down and abandoning module MeshUtilities (162)
[2018.04.26-17.31.37:696][489]LogModuleManager: Shutting down and abandoning module MeshMergeUtilities (161)
[2018.04.26-17.31.37:696][489]LogModuleManager: Shutting down and abandoning module MeshReductionInterface (160)
[2018.04.26-17.31.37:696][489]LogModuleManager: Shutting down and abandoning module SimplygonSwarm (159)
[2018.04.26-17.31.37:696][489]LogModuleManager: Shutting down and abandoning module SimplygonMeshReduction (157)
[2018.04.26-17.31.37:696][489]LogModuleManager: Shutting down and abandoning module QuadricMeshReduction (155)
[2018.04.26-17.31.37:696][489]LogModuleManager: Shutting down and abandoning module MaterialBaking (151)
[2018.04.26-17.31.37:696][489]LogModuleManager: Shutting down and abandoning module DerivedDataCache (148)
[2018.04.26-17.31.37:740][489]LogDerivedDataCache: Shutdown
[2018.04.26-17.31.37:740][489]LogModuleManager: Shutting down and abandoning module TargetPlatform (146)
[2018.04.26-17.31.37:740][489]LogModuleManager: Shutting down and abandoning module VulkanShaderFormat (145)
[2018.04.26-17.31.37:740][489]LogModuleManager: Shutting down and abandoning module ShaderFormatVectorVM (143)
[2018.04.26-17.31.37:740][489]LogModuleManager: Shutting down and abandoning module ShaderFormatOpenGL (141)
[2018.04.26-17.31.37:740][489]LogModuleManager: Shutting down and abandoning module ShaderFormatD3D (139)
[2018.04.26-17.31.37:740][489]LogModuleManager: Shutting down and abandoning module MetalShaderFormat (137)
[2018.04.26-17.31.37:740][489]LogModuleManager: Shutting down and abandoning module TextureFormatUncompressed (135)
[2018.04.26-17.31.37:740][489]LogModuleManager: Shutting down and abandoning module TextureFormatPVR (133)
[2018.04.26-17.31.37:740][489]LogModuleManager: Shutting down and abandoning module TextureFormatDXT (131)
[2018.04.26-17.31.37:740][489]LogModuleManager: Shutting down and abandoning module TextureFormatIntelISPCTexComp (129)
[2018.04.26-17.31.37:740][489]LogModuleManager: Shutting down and abandoning module TextureFormatASTC (127)
[2018.04.26-17.31.37:740][489]LogModuleManager: Shutting down and abandoning module ImageWrapper (126)
[2018.04.26-17.31.37:740][489]LogModuleManager: Shutting down and abandoning module TextureFormatAndroid (123)
[2018.04.26-17.31.37:740][489]LogModuleManager: Shutting down and abandoning module AudioFormatOpus (121)
[2018.04.26-17.31.37:740][489]LogModuleManager: Shutting down and abandoning module AudioFormatOgg (119)
[2018.04.26-17.31.37:741][489]LogModuleManager: Shutting down and abandoning module AudioFormatADPCM (117)
[2018.04.26-17.31.37:741][489]LogModuleManager: Shutting down and abandoning module LinuxTargetPlatform (115)
[2018.04.26-17.31.37:741][489]LogModuleManager: Shutting down and abandoning module LinuxServerTargetPlatform (113)
[2018.04.26-17.31.37:741][489]LogModuleManager: Shutting down and abandoning module LinuxNoEditorTargetPlatform (111)
[2018.04.26-17.31.37:741][489]LogModuleManager: Shutting down and abandoning module LinuxClientTargetPlatform (109)
[2018.04.26-17.31.37:741][489]LogModuleManager: Shutting down and abandoning module TVOSTargetPlatform (107)
[2018.04.26-17.31.37:741][489]LogModuleManager: Shutting down and abandoning module Messaging (105)
[2018.04.26-17.31.37:741][489]LogModuleManager: Shutting down and abandoning module IOSTargetPlatform (103)
[2018.04.26-17.31.37:741][489]LogModuleManager: Shutting down and abandoning module HTML5TargetPlatform (101)
[2018.04.26-17.31.37:741][489]LogModuleManager: Shutting down and abandoning module AndroidTargetPlatform (99)
[2018.04.26-17.31.37:741][489]LogModuleManager: Shutting down and abandoning module Android_PVRTCTargetPlatform (97)
[2018.04.26-17.31.37:741][489]LogModuleManager: Shutting down and abandoning module Android_MultiTargetPlatform (95)
[2018.04.26-17.31.37:741][489]LogModuleManager: Shutting down and abandoning module Android_ETC2TargetPlatform (93)
[2018.04.26-17.31.37:741][489]LogModuleManager: Shutting down and abandoning module Android_ETC1TargetPlatform (91)
[2018.04.26-17.31.37:741][489]LogModuleManager: Shutting down and abandoning module Android_DXTTargetPlatform (89)
[2018.04.26-17.31.37:741][489]LogModuleManager: Shutting down and abandoning module Android_ATCTargetPlatform (87)
[2018.04.26-17.31.37:741][489]LogModuleManager: Shutting down and abandoning module Android_ASTCTargetPlatform (85)
[2018.04.26-17.31.37:741][489]LogModuleManager: Shutting down and abandoning module WindowsTargetPlatform (83)
[2018.04.26-17.31.37:741][489]LogModuleManager: Shutting down and abandoning module WindowsServerTargetPlatform (81)
[2018.04.26-17.31.37:741][489]LogModuleManager: Shutting down and abandoning module WindowsNoEditorTargetPlatform (79)
[2018.04.26-17.31.37:741][489]LogModuleManager: Shutting down and abandoning module WindowsClientTargetPlatform (77)
[2018.04.26-17.31.37:741][489]LogModuleManager: Shutting down and abandoning module MacTargetPlatform (75)
[2018.04.26-17.31.37:741][489]LogModuleManager: Shutting down and abandoning module MacServerTargetPlatform (73)
[2018.04.26-17.31.37:741][489]LogModuleManager: Shutting down and abandoning module MacNoEditorTargetPlatform (71)
[2018.04.26-17.31.37:741][489]LogModuleManager: Shutting down and abandoning module MacClientTargetPlatform (69)
[2018.04.26-17.31.37:741][489]LogModuleManager: Shutting down and abandoning module AllDesktopTargetPlatform (67)
[2018.04.26-17.31.37:741][489]LogModuleManager: Shutting down and abandoning module InputCore (64)
[2018.04.26-17.31.37:741][489]LogModuleManager: Shutting down and abandoning module Settings (62)
[2018.04.26-17.31.37:741][489]LogModuleManager: Shutting down and abandoning module PhysXCooking (60)
[2018.04.26-17.31.37:741][489]LogModuleManager: Shutting down and abandoning module SteamVR (58)
[2018.04.26-17.31.37:741][489]LogModuleManager: Shutting down and abandoning module OculusHMD (56)
[2018.04.26-17.31.37:741][489]LogModuleManager: Shutting down and abandoning module ExampleDeviceProfileSelector (54)
[2018.04.26-17.31.37:741][489]LogModuleManager: Shutting down and abandoning module AppleARKit (52)
[2018.04.26-17.31.37:741][489]LogModuleManager: Shutting down and abandoning module AugmentedReality (51)
[2018.04.26-17.31.37:741][489]LogModuleManager: Shutting down and abandoning module OnlineBlueprintSupport (48)
[2018.04.26-17.31.37:741][489]LogModuleManager: Shutting down and abandoning module OnlineSubsystem (44)
[2018.04.26-17.31.37:741][489]LogModuleManager: Shutting down and abandoning module XMPP (43)
[2018.04.26-17.31.37:741][489]LogModuleManager: Shutting down and abandoning module HTTP (41)
[2018.04.26-17.31.37:741][489]LogHttp: Display: Http module shutting down, but needs to wait on 1 outstanding Http requests:
[2018.04.26-17.31.37:741][489]LogHttp: Display: 	verb=[POST] url=[https://datarouter.ol.epicgames.com/datarouter/api/v1/public/data?SessionID=%7B78560485-4FF3-11F1-A153-C8811B108DB9%7D&AppID=UEEditor.Rocket.Release&AppVersion=4.18.1-3754814%2B%2B%2BUE4%2BRelease-4.18&UserID=68392d004fc761eddfd5bf99443ab051%7Cfc50e5b89b0248ddb444e7c6609ab7f5%7C07f75c33-53c1-4908-bc6b-b23bf0778240&AppEnvironment=datacollector-binary&UploadType=eteventstream] status=Processing
[2018.04.26-17.31.37:748][489]LogModuleManager: Shutting down and abandoning module SSL (40)
[2018.04.26-17.31.37:749][489]LogModuleManager: Shutting down and abandoning module AnimationModifiers (36)
[2018.04.26-17.31.37:749][489]LogModuleManager: Shutting down and abandoning module PropertyEditor (35)
[2018.04.26-17.31.37:749][489]LogModuleManager: Shutting down and abandoning module AudioEditor (32)
[2018.04.26-17.31.37:749][489]LogModuleManager: Shutting down and abandoning module TextureCompressor (30)
[2018.04.26-17.31.37:749][489]LogModuleManager: Shutting down and abandoning module ShaderCore (28)
[2018.04.26-17.31.37:749][489]LogModuleManager: Shutting down and abandoning module Landscape (26)
[2018.04.26-17.31.37:749][489]LogModuleManager: Shutting down and abandoning module SlateRHIRenderer (24)
[2018.04.26-17.31.37:750][489]LogModuleManager: Shutting down and abandoning module OpenGLDrv (22)
[2018.04.26-17.31.37:750][489]LogModuleManager: Shutting down and abandoning module D3D11RHI (20)
[2018.04.26-17.31.37:750][489]LogModuleManager: Shutting down and abandoning module AnimGraphRuntime (18)
[2018.04.26-17.31.37:750][489]LogModuleManager: Shutting down and abandoning module Renderer (16)
[2018.04.26-17.31.37:750][489]LogModuleManager: Shutting down and abandoning module Engine (14)
[2018.04.26-17.31.37:750][489]LogModuleManager: Shutting down and abandoning module CoreUObject (12)
[2018.04.26-17.31.37:750][489]LogModuleManager: Shutting down and abandoning module NetworkFile (10)
[2018.04.26-17.31.37:750][489]LogModuleManager: Shutting down and abandoning module CookedIterativeFile (8)
[2018.04.26-17.31.37:750][489]LogModuleManager: Shutting down and abandoning module StreamingFile (6)
[2018.04.26-17.31.37:750][489]LogModuleManager: Shutting down and abandoning module SandboxFile (4)
[2018.04.26-17.31.37:750][489]LogModuleManager: Shutting down and abandoning module PakFile (2)
[2018.04.26-17.31.37:753][489]LogExit: Exiting.
[2018.04.26-17.31.37:764][489]Log file closed, 04/26/18 13:31:37
